test
=== Scheduled Update Started ===
Wed Jan 14 04:00:01 UTC 2026

Step 1: Mengambil data dari BNPB...
Mengambil data dari BNPB GIS Server...
  - Jumlah Terluka...
  - Jumlah Hilang...
  - Jumlah Meninggal...
  - Kabupaten Terdampak...
  - Jumlah Rumah Rusak...
  - Fasilitas Umum...
  - Fasilitas Pendidikan...
  - Rumah Ibadah...
  - Fasilitas Kesehatan...
  - Gedung/Kantor...
  - Jembatan...
  - Jumlah Meninggal per Kabkot...
  - Jumlah Pengungsi per Kabkot...
  - Update timestamp...
Selesai! Data tersimpan di public/data/

Step 2: Building aplikasi...

> frontend@0.1.0 build
> NODE_ENV=production next build

   ▲ Next.js 16.0.7 (Turbopack)

   Creating an optimized production build ...
 ✓ Compiled successfully in 2.0s
   Running TypeScript ...
   Collecting page data using 7 workers ...
   Generating static pages using 7 workers (0/5) ...
   Generating static pages using 7 workers (1/5) 
   Generating static pages using 7 workers (2/5) 
   Generating static pages using 7 workers (3/5) 
 ✓ Generating static pages using 7 workers (5/5) in 494.5ms
   Finalizing page optimization ...

Route (app)
┌ ○ /
├ ○ /_not-found
└ ○ /sumatera


○  (Static)  prerendered as static content


Step 3: Menjalankan Docker production...
sudo: a terminal is required to read the password; either use the -S option to read from standard input or configure an askpass helper
sudo: a password is required

=== Scheduled Update Completed ===
Wed Jan 14 04:00:20 UTC 2026
=== Scheduled Update Started ===
Wed Jan 14 05:00:01 UTC 2026

Step 1: Mengambil data dari BNPB...
Mengambil data dari BNPB GIS Server...
  - Jumlah Terluka...
  - Jumlah Hilang...
  - Jumlah Meninggal...
  - Kabupaten Terdampak...
  - Jumlah Rumah Rusak...
  - Fasilitas Umum...
  - Fasilitas Pendidikan...
  - Rumah Ibadah...
  - Fasilitas Kesehatan...
  - Gedung/Kantor...
  - Jembatan...
  - Jumlah Meninggal per Kabkot...
  - Jumlah Pengungsi per Kabkot...
  - Update timestamp...
Selesai! Data tersimpan di public/data/

Step 2: Building aplikasi...

> frontend@0.1.0 build
> NODE_ENV=production next build

   ▲ Next.js 16.0.7 (Turbopack)

   Creating an optimized production build ...
 ✓ Compiled successfully in 1844.9ms
   Running TypeScript ...
   Collecting page data using 7 workers ...
   Generating static pages using 7 workers (0/5) ...
   Generating static pages using 7 workers (1/5) 
   Generating static pages using 7 workers (2/5) 
   Generating static pages using 7 workers (3/5) 
 ✓ Generating static pages using 7 workers (5/5) in 495.5ms
   Finalizing page optimization ...

Route (app)
┌ ○ /
├ ○ /_not-found
└ ○ /sumatera


○  (Static)  prerendered as static content


Step 3: Menjalankan Docker production...
sudo: a terminal is required to read the password; either use the -S option to read from standard input or configure an askpass helper
sudo: a password is required

=== Scheduled Update Completed ===
Wed Jan 14 05:00:09 UTC 2026
=== Scheduled Update Started ===
Wed Jan 14 06:00:01 UTC 2026

Step 1: Mengambil data dari BNPB...
Mengambil data dari BNPB GIS Server...
  - Jumlah Terluka...
  - Jumlah Hilang...
  - Jumlah Meninggal...
  - Kabupaten Terdampak...
  - Jumlah Rumah Rusak...
  - Fasilitas Umum...
  - Fasilitas Pendidikan...
  - Rumah Ibadah...
  - Fasilitas Kesehatan...
  - Gedung/Kantor...
  - Jembatan...
  - Jumlah Meninggal per Kabkot...
  - Jumlah Pengungsi per Kabkot...
  - Update timestamp...
Selesai! Data tersimpan di public/data/

Step 2: Building aplikasi...

> frontend@0.1.0 build
> NODE_ENV=production next build

   ▲ Next.js 16.0.7 (Turbopack)

   Creating an optimized production build ...
 ✓ Compiled successfully in 1823.7ms
   Running TypeScript ...
   Collecting page data using 7 workers ...
   Generating static pages using 7 workers (0/5) ...
   Generating static pages using 7 workers (1/5) 
   Generating static pages using 7 workers (2/5) 
   Generating static pages using 7 workers (3/5) 
 ✓ Generating static pages using 7 workers (5/5) in 464.0ms
   Finalizing page optimization ...

Route (app)
┌ ○ /
├ ○ /_not-found
└ ○ /sumatera


○  (Static)  prerendered as static content


Step 3: Menjalankan Docker production...
sudo: a terminal is required to read the password; either use the -S option to read from standard input or configure an askpass helper
sudo: a password is required

=== Scheduled Update Completed ===
Wed Jan 14 06:00:09 UTC 2026
=== Scheduled Update Started ===
Wed Jan 14 07:00:01 UTC 2026

Step 1: Mengambil data dari BNPB...
Mengambil data dari BNPB GIS Server...
  - Jumlah Terluka...
  - Jumlah Hilang...
  - Jumlah Meninggal...
  - Kabupaten Terdampak...
  - Jumlah Rumah Rusak...
  - Fasilitas Umum...
  - Fasilitas Pendidikan...
  - Rumah Ibadah...
  - Fasilitas Kesehatan...
  - Gedung/Kantor...
  - Jembatan...
  - Jumlah Meninggal per Kabkot...
  - Jumlah Pengungsi per Kabkot...
  - Update timestamp...
Selesai! Data tersimpan di public/data/

Step 2: Building aplikasi...

> frontend@0.1.0 build
> NODE_ENV=production next build

   ▲ Next.js 16.0.7 (Turbopack)

   Creating an optimized production build ...
 ✓ Compiled successfully in 1927.5ms
   Running TypeScript ...
   Collecting page data using 7 workers ...
   Generating static pages using 7 workers (0/5) ...
   Generating static pages using 7 workers (1/5) 
   Generating static pages using 7 workers (2/5) 
   Generating static pages using 7 workers (3/5) 
 ✓ Generating static pages using 7 workers (5/5) in 530.6ms
   Finalizing page optimization ...

Route (app)
┌ ○ /
├ ○ /_not-found
└ ○ /sumatera


○  (Static)  prerendered as static content


Step 3: Menjalankan Docker production...
sudo: a terminal is required to read the password; either use the -S option to read from standard input or configure an askpass helper
sudo: a password is required

=== Scheduled Update Completed ===
Wed Jan 14 07:00:09 UTC 2026
=== Scheduled Update Started ===
Wed Jan 14 08:00:01 UTC 2026

Step 1: Mengambil data dari BNPB...
Mengambil data dari BNPB GIS Server...
  - Jumlah Terluka...
  - Jumlah Hilang...
  - Jumlah Meninggal...
  - Kabupaten Terdampak...
  - Jumlah Rumah Rusak...
  - Fasilitas Umum...
  - Fasilitas Pendidikan...
  - Rumah Ibadah...
  - Fasilitas Kesehatan...
  - Gedung/Kantor...
  - Jembatan...
  - Jumlah Meninggal per Kabkot...
  - Jumlah Pengungsi per Kabkot...
  - Update timestamp...
Selesai! Data tersimpan di public/data/

Step 2: Building aplikasi...

> frontend@0.1.0 build
> NODE_ENV=production next build

   ▲ Next.js 16.0.7 (Turbopack)

   Creating an optimized production build ...
 ✓ Compiled successfully in 1871.5ms
   Running TypeScript ...
   Collecting page data using 7 workers ...
   Generating static pages using 7 workers (0/5) ...
   Generating static pages using 7 workers (1/5) 
   Generating static pages using 7 workers (2/5) 
   Generating static pages using 7 workers (3/5) 
 ✓ Generating static pages using 7 workers (5/5) in 457.4ms
   Finalizing page optimization ...

Route (app)
┌ ○ /
├ ○ /_not-found
└ ○ /sumatera


○  (Static)  prerendered as static content


Step 3: Menjalankan Docker production...
sudo: a terminal is required to read the password; either use the -S option to read from standard input or configure an askpass helper
sudo: a password is required

=== Scheduled Update Completed ===
Wed Jan 14 08:00:10 UTC 2026
=== Scheduled Update Started ===
Wed Jan 14 09:00:01 UTC 2026

Step 1: Mengambil data dari BNPB...
Mengambil data dari BNPB GIS Server...
  - Jumlah Terluka...
  - Jumlah Hilang...
  - Jumlah Meninggal...
  - Kabupaten Terdampak...
  - Jumlah Rumah Rusak...
  - Fasilitas Umum...
  - Fasilitas Pendidikan...
  - Rumah Ibadah...
  - Fasilitas Kesehatan...
  - Gedung/Kantor...
  - Jembatan...
  - Jumlah Meninggal per Kabkot...
  - Jumlah Pengungsi per Kabkot...
  - Update timestamp...
Selesai! Data tersimpan di public/data/

Step 2: Building aplikasi...

> frontend@0.1.0 build
> NODE_ENV=production next build

   ▲ Next.js 16.0.7 (Turbopack)

   Creating an optimized production build ...
 ✓ Compiled successfully in 1867.8ms
   Running TypeScript ...
   Collecting page data using 7 workers ...
   Generating static pages using 7 workers (0/5) ...
   Generating static pages using 7 workers (1/5) 
   Generating static pages using 7 workers (2/5) 
   Generating static pages using 7 workers (3/5) 
 ✓ Generating static pages using 7 workers (5/5) in 610.5ms
   Finalizing page optimization ...

Route (app)
┌ ○ /
├ ○ /_not-found
└ ○ /sumatera


○  (Static)  prerendered as static content


Step 3: Menjalankan Docker production...
sudo: a terminal is required to read the password; either use the -S option to read from standard input or configure an askpass helper
sudo: a password is required

=== Scheduled Update Completed ===
Wed Jan 14 09:00:10 UTC 2026
=== Scheduled Update Started ===
Wed Jan 14 10:00:01 UTC 2026

Step 1: Mengambil data dari BNPB...
Mengambil data dari BNPB GIS Server...
  - Jumlah Terluka...
  - Jumlah Hilang...
  - Jumlah Meninggal...
  - Kabupaten Terdampak...
  - Jumlah Rumah Rusak...
  - Fasilitas Umum...
  - Fasilitas Pendidikan...
  - Rumah Ibadah...
  - Fasilitas Kesehatan...
  - Gedung/Kantor...
  - Jembatan...
  - Jumlah Meninggal per Kabkot...
  - Jumlah Pengungsi per Kabkot...
  - Update timestamp...
Selesai! Data tersimpan di public/data/

Step 2: Building aplikasi...

> frontend@0.1.0 build
> NODE_ENV=production next build

   ▲ Next.js 16.0.7 (Turbopack)

   Creating an optimized production build ...
 ✓ Compiled successfully in 1831.3ms
   Running TypeScript ...
   Collecting page data using 7 workers ...
   Generating static pages using 7 workers (0/5) ...
   Generating static pages using 7 workers (1/5) 
   Generating static pages using 7 workers (2/5) 
   Generating static pages using 7 workers (3/5) 
 ✓ Generating static pages using 7 workers (5/5) in 1102.3ms
   Finalizing page optimization ...

Route (app)
┌ ○ /
├ ○ /_not-found
└ ○ /sumatera


○  (Static)  prerendered as static content


Step 3: Menjalankan Docker production...
sudo: a terminal is required to read the password; either use the -S option to read from standard input or configure an askpass helper
sudo: a password is required

=== Scheduled Update Completed ===
Wed Jan 14 10:00:09 UTC 2026
=== Scheduled Update Started ===
Wed Jan 14 11:00:01 UTC 2026

Step 1: Mengambil data dari BNPB...
Mengambil data dari BNPB GIS Server...
  - Jumlah Terluka...
  - Jumlah Hilang...
  - Jumlah Meninggal...
  - Kabupaten Terdampak...
  - Jumlah Rumah Rusak...
  - Fasilitas Umum...
  - Fasilitas Pendidikan...
  - Rumah Ibadah...
  - Fasilitas Kesehatan...
  - Gedung/Kantor...
  - Jembatan...
  - Jumlah Meninggal per Kabkot...
  - Jumlah Pengungsi per Kabkot...
  - Update timestamp...
Selesai! Data tersimpan di public/data/

Step 2: Building aplikasi...

> frontend@0.1.0 build
> NODE_ENV=production next build

   ▲ Next.js 16.0.7 (Turbopack)

   Creating an optimized production build ...
 ✓ Compiled successfully in 1898.1ms
   Running TypeScript ...
   Collecting page data using 7 workers ...
   Generating static pages using 7 workers (0/5) ...
   Generating static pages using 7 workers (1/5) 
   Generating static pages using 7 workers (2/5) 
   Generating static pages using 7 workers (3/5) 
 ✓ Generating static pages using 7 workers (5/5) in 496.2ms
   Finalizing page optimization ...

Route (app)
┌ ○ /
├ ○ /_not-found
└ ○ /sumatera


○  (Static)  prerendered as static content


Step 3: Menjalankan Docker production...
sudo: a terminal is required to read the password; either use the -S option to read from standard input or configure an askpass helper
sudo: a password is required

=== Scheduled Update Completed ===
Wed Jan 14 11:00:10 UTC 2026
=== Scheduled Update Started ===
Wed Jan 14 12:00:01 UTC 2026

Step 1: Mengambil data dari BNPB...
Mengambil data dari BNPB GIS Server...
  - Jumlah Terluka...
  - Jumlah Hilang...
  - Jumlah Meninggal...
  - Kabupaten Terdampak...
  - Jumlah Rumah Rusak...
  - Fasilitas Umum...
  - Fasilitas Pendidikan...
  - Rumah Ibadah...
  - Fasilitas Kesehatan...
  - Gedung/Kantor...
  - Jembatan...
  - Jumlah Meninggal per Kabkot...
  - Jumlah Pengungsi per Kabkot...
  - Update timestamp...
Selesai! Data tersimpan di public/data/

Step 2: Building aplikasi...

> frontend@0.1.0 build
> NODE_ENV=production next build

   ▲ Next.js 16.0.7 (Turbopack)

   Creating an optimized production build ...
 ✓ Compiled successfully in 1880.9ms
   Running TypeScript ...
   Collecting page data using 7 workers ...
   Generating static pages using 7 workers (0/5) ...
   Generating static pages using 7 workers (1/5) 
   Generating static pages using 7 workers (2/5) 
   Generating static pages using 7 workers (3/5) 
 ✓ Generating static pages using 7 workers (5/5) in 505.0ms
   Finalizing page optimization ...

Route (app)
┌ ○ /
├ ○ /_not-found
└ ○ /sumatera


○  (Static)  prerendered as static content


Step 3: Menjalankan Docker production...
sudo: a terminal is required to read the password; either use the -S option to read from standard input or configure an askpass helper
sudo: a password is required

=== Scheduled Update Completed ===
Wed Jan 14 12:00:09 UTC 2026
=== Scheduled Update Started ===
Wed Jan 14 13:00:01 UTC 2026

Step 1: Mengambil data dari BNPB...
Mengambil data dari BNPB GIS Server...
  - Jumlah Terluka...
  - Jumlah Hilang...
  - Jumlah Meninggal...
  - Kabupaten Terdampak...
  - Jumlah Rumah Rusak...
  - Fasilitas Umum...
  - Fasilitas Pendidikan...
  - Rumah Ibadah...
  - Fasilitas Kesehatan...
  - Gedung/Kantor...
  - Jembatan...
  - Jumlah Meninggal per Kabkot...
  - Jumlah Pengungsi per Kabkot...
  - Update timestamp...
Selesai! Data tersimpan di public/data/

Step 2: Building aplikasi...

> frontend@0.1.0 build
> NODE_ENV=production next build

   ▲ Next.js 16.0.7 (Turbopack)

   Creating an optimized production build ...
 ✓ Compiled successfully in 1848.5ms
   Running TypeScript ...
   Collecting page data using 7 workers ...
   Generating static pages using 7 workers (0/5) ...
   Generating static pages using 7 workers (1/5) 
   Generating static pages using 7 workers (2/5) 
   Generating static pages using 7 workers (3/5) 
 ✓ Generating static pages using 7 workers (5/5) in 467.9ms
   Finalizing page optimization ...

Route (app)
┌ ○ /
├ ○ /_not-found
└ ○ /sumatera


○  (Static)  prerendered as static content


Step 3: Menjalankan Docker production...
sudo: a terminal is required to read the password; either use the -S option to read from standard input or configure an askpass helper
sudo: a password is required

=== Scheduled Update Completed ===
Wed Jan 14 13:00:10 UTC 2026
=== Scheduled Update Started ===
Wed Jan 14 14:00:01 UTC 2026

Step 1: Mengambil data dari BNPB...
Mengambil data dari BNPB GIS Server...
  - Jumlah Terluka...
  - Jumlah Hilang...
  - Jumlah Meninggal...
  - Kabupaten Terdampak...
  - Jumlah Rumah Rusak...
  - Fasilitas Umum...
  - Fasilitas Pendidikan...
  - Rumah Ibadah...
  - Fasilitas Kesehatan...
  - Gedung/Kantor...
  - Jembatan...
  - Jumlah Meninggal per Kabkot...
  - Jumlah Pengungsi per Kabkot...
  - Update timestamp...
Selesai! Data tersimpan di public/data/

Step 2: Building aplikasi...

> frontend@0.1.0 build
> NODE_ENV=production next build

   ▲ Next.js 16.0.7 (Turbopack)

   Creating an optimized production build ...
 ✓ Compiled successfully in 1881.4ms
   Running TypeScript ...
   Collecting page data using 7 workers ...
   Generating static pages using 7 workers (0/5) ...
   Generating static pages using 7 workers (1/5) 
   Generating static pages using 7 workers (2/5) 
   Generating static pages using 7 workers (3/5) 
 ✓ Generating static pages using 7 workers (5/5) in 438.8ms
   Finalizing page optimization ...

Route (app)
┌ ○ /
├ ○ /_not-found
└ ○ /sumatera


○  (Static)  prerendered as static content


Step 3: Menjalankan Docker production...
sudo: a terminal is required to read the password; either use the -S option to read from standard input or configure an askpass helper
sudo: a password is required

=== Scheduled Update Completed ===
Wed Jan 14 14:00:09 UTC 2026
=== Scheduled Update Started ===
Wed Jan 14 15:00:01 UTC 2026

Step 1: Mengambil data dari BNPB...
Mengambil data dari BNPB GIS Server...
  - Jumlah Terluka...
  - Jumlah Hilang...
  - Jumlah Meninggal...
  - Kabupaten Terdampak...
  - Jumlah Rumah Rusak...
  - Fasilitas Umum...
  - Fasilitas Pendidikan...
  - Rumah Ibadah...
  - Fasilitas Kesehatan...
  - Gedung/Kantor...
  - Jembatan...
  - Jumlah Meninggal per Kabkot...
  - Jumlah Pengungsi per Kabkot...
  - Update timestamp...
Selesai! Data tersimpan di public/data/

Step 2: Building aplikasi...

> frontend@0.1.0 build
> NODE_ENV=production next build

   ▲ Next.js 16.0.7 (Turbopack)

   Creating an optimized production build ...
 ✓ Compiled successfully in 1960.0ms
   Running TypeScript ...
   Collecting page data using 7 workers ...
   Generating static pages using 7 workers (0/5) ...
   Generating static pages using 7 workers (1/5) 
   Generating static pages using 7 workers (2/5) 
   Generating static pages using 7 workers (3/5) 
 ✓ Generating static pages using 7 workers (5/5) in 498.7ms
   Finalizing page optimization ...

Route (app)
┌ ○ /
├ ○ /_not-found
└ ○ /sumatera


○  (Static)  prerendered as static content


Step 3: Menjalankan Docker production...
sudo: a terminal is required to read the password; either use the -S option to read from standard input or configure an askpass helper
sudo: a password is required

=== Scheduled Update Completed ===
Wed Jan 14 15:00:10 UTC 2026
=== Scheduled Update Started ===
Wed Jan 14 16:00:01 UTC 2026

Step 1: Mengambil data dari BNPB...
Mengambil data dari BNPB GIS Server...
  - Jumlah Terluka...
  - Jumlah Hilang...
  - Jumlah Meninggal...
  - Kabupaten Terdampak...
  - Jumlah Rumah Rusak...
  - Fasilitas Umum...
  - Fasilitas Pendidikan...
  - Rumah Ibadah...
  - Fasilitas Kesehatan...
  - Gedung/Kantor...
  - Jembatan...
  - Jumlah Meninggal per Kabkot...
  - Jumlah Pengungsi per Kabkot...
  - Update timestamp...
Selesai! Data tersimpan di public/data/

Step 2: Building aplikasi...

> frontend@0.1.0 build
> NODE_ENV=production next build

   ▲ Next.js 16.0.7 (Turbopack)

   Creating an optimized production build ...
 ✓ Compiled successfully in 1921.4ms
   Running TypeScript ...
   Collecting page data using 7 workers ...
   Generating static pages using 7 workers (0/5) ...
   Generating static pages using 7 workers (1/5) 
   Generating static pages using 7 workers (2/5) 
   Generating static pages using 7 workers (3/5) 
 ✓ Generating static pages using 7 workers (5/5) in 434.8ms
   Finalizing page optimization ...

Route (app)
┌ ○ /
├ ○ /_not-found
└ ○ /sumatera


○  (Static)  prerendered as static content


Step 3: Menjalankan Docker production...
sudo: a terminal is required to read the password; either use the -S option to read from standard input or configure an askpass helper
sudo: a password is required

=== Scheduled Update Completed ===
Wed Jan 14 16:00:10 UTC 2026
=== Scheduled Update Started ===
Wed Jan 14 17:00:01 UTC 2026

Step 1: Mengambil data dari BNPB...
Mengambil data dari BNPB GIS Server...
  - Jumlah Terluka...
  - Jumlah Hilang...
  - Jumlah Meninggal...
  - Kabupaten Terdampak...
  - Jumlah Rumah Rusak...
  - Fasilitas Umum...
  - Fasilitas Pendidikan...
  - Rumah Ibadah...
  - Fasilitas Kesehatan...
  - Gedung/Kantor...
  - Jembatan...
  - Jumlah Meninggal per Kabkot...
  - Jumlah Pengungsi per Kabkot...
  - Update timestamp...
Selesai! Data tersimpan di public/data/

Step 2: Building aplikasi...

> frontend@0.1.0 build
> NODE_ENV=production next build

   ▲ Next.js 16.0.7 (Turbopack)

   Creating an optimized production build ...
 ✓ Compiled successfully in 1787.8ms
   Running TypeScript ...
   Collecting page data using 7 workers ...
   Generating static pages using 7 workers (0/5) ...
   Generating static pages using 7 workers (1/5) 
   Generating static pages using 7 workers (2/5) 
   Generating static pages using 7 workers (3/5) 
 ✓ Generating static pages using 7 workers (5/5) in 465.5ms
   Finalizing page optimization ...

Route (app)
┌ ○ /
├ ○ /_not-found
└ ○ /sumatera


○  (Static)  prerendered as static content


Step 3: Menjalankan Docker production...
sudo: a terminal is required to read the password; either use the -S option to read from standard input or configure an askpass helper
sudo: a password is required

=== Scheduled Update Completed ===
Wed Jan 14 17:00:11 UTC 2026
=== Scheduled Update Started ===
Wed Jan 14 18:00:01 UTC 2026

Step 1: Mengambil data dari BNPB...
Mengambil data dari BNPB GIS Server...
  - Jumlah Terluka...
  - Jumlah Hilang...
  - Jumlah Meninggal...
  - Kabupaten Terdampak...
  - Jumlah Rumah Rusak...
  - Fasilitas Umum...
  - Fasilitas Pendidikan...
  - Rumah Ibadah...
  - Fasilitas Kesehatan...
  - Gedung/Kantor...
  - Jembatan...
  - Jumlah Meninggal per Kabkot...
  - Jumlah Pengungsi per Kabkot...
  - Update timestamp...
Selesai! Data tersimpan di public/data/

Step 2: Building aplikasi...

> frontend@0.1.0 build
> NODE_ENV=production next build

   ▲ Next.js 16.0.7 (Turbopack)

   Creating an optimized production build ...
 ✓ Compiled successfully in 1757.7ms
   Running TypeScript ...
   Collecting page data using 7 workers ...
   Generating static pages using 7 workers (0/5) ...
   Generating static pages using 7 workers (1/5) 
   Generating static pages using 7 workers (2/5) 
   Generating static pages using 7 workers (3/5) 
 ✓ Generating static pages using 7 workers (5/5) in 501.7ms
   Finalizing page optimization ...

Route (app)
┌ ○ /
├ ○ /_not-found
└ ○ /sumatera


○  (Static)  prerendered as static content


Step 3: Menjalankan Docker production...
sudo: a terminal is required to read the password; either use the -S option to read from standard input or configure an askpass helper
sudo: a password is required

=== Scheduled Update Completed ===
Wed Jan 14 18:00:09 UTC 2026
=== Scheduled Update Started ===
Wed Jan 14 19:00:01 UTC 2026

Step 1: Mengambil data dari BNPB...
Mengambil data dari BNPB GIS Server...
  - Jumlah Terluka...
  - Jumlah Hilang...
  - Jumlah Meninggal...
  - Kabupaten Terdampak...
  - Jumlah Rumah Rusak...
  - Fasilitas Umum...
  - Fasilitas Pendidikan...
  - Rumah Ibadah...
  - Fasilitas Kesehatan...
  - Gedung/Kantor...
  - Jembatan...
  - Jumlah Meninggal per Kabkot...
  - Jumlah Pengungsi per Kabkot...
  - Update timestamp...
Selesai! Data tersimpan di public/data/

Step 2: Building aplikasi...

> frontend@0.1.0 build
> NODE_ENV=production next build

   ▲ Next.js 16.0.7 (Turbopack)

   Creating an optimized production build ...
 ✓ Compiled successfully in 1792.2ms
   Running TypeScript ...
   Collecting page data using 7 workers ...
   Generating static pages using 7 workers (0/5) ...
   Generating static pages using 7 workers (1/5) 
   Generating static pages using 7 workers (2/5) 
   Generating static pages using 7 workers (3/5) 
 ✓ Generating static pages using 7 workers (5/5) in 448.1ms
   Finalizing page optimization ...

Route (app)
┌ ○ /
├ ○ /_not-found
└ ○ /sumatera


○  (Static)  prerendered as static content


Step 3: Menjalankan Docker production...
sudo: a terminal is required to read the password; either use the -S option to read from standard input or configure an askpass helper
sudo: a password is required

=== Scheduled Update Completed ===
Wed Jan 14 19:00:10 UTC 2026
=== Scheduled Update Started ===
Wed Jan 14 20:00:01 UTC 2026

Step 1: Mengambil data dari BNPB...
Mengambil data dari BNPB GIS Server...
  - Jumlah Terluka...
  - Jumlah Hilang...
  - Jumlah Meninggal...
  - Kabupaten Terdampak...
  - Jumlah Rumah Rusak...
  - Fasilitas Umum...
  - Fasilitas Pendidikan...
  - Rumah Ibadah...
  - Fasilitas Kesehatan...
  - Gedung/Kantor...
  - Jembatan...
  - Jumlah Meninggal per Kabkot...
  - Jumlah Pengungsi per Kabkot...
  - Update timestamp...
Selesai! Data tersimpan di public/data/

Step 2: Building aplikasi...

> frontend@0.1.0 build
> NODE_ENV=production next build

   ▲ Next.js 16.0.7 (Turbopack)

   Creating an optimized production build ...
 ✓ Compiled successfully in 1858.6ms
   Running TypeScript ...
   Collecting page data using 7 workers ...
   Generating static pages using 7 workers (0/5) ...
   Generating static pages using 7 workers (1/5) 
   Generating static pages using 7 workers (2/5) 
   Generating static pages using 7 workers (3/5) 
 ✓ Generating static pages using 7 workers (5/5) in 493.6ms
   Finalizing page optimization ...

Route (app)
┌ ○ /
├ ○ /_not-found
└ ○ /sumatera


○  (Static)  prerendered as static content


Step 3: Menjalankan Docker production...
sudo: a terminal is required to read the password; either use the -S option to read from standard input or configure an askpass helper
sudo: a password is required

=== Scheduled Update Completed ===
Wed Jan 14 20:00:09 UTC 2026
=== Scheduled Update Started ===
Wed Jan 14 21:00:01 UTC 2026

Step 1: Mengambil data dari BNPB...
Mengambil data dari BNPB GIS Server...
  - Jumlah Terluka...
  - Jumlah Hilang...
  - Jumlah Meninggal...
  - Kabupaten Terdampak...
  - Jumlah Rumah Rusak...
  - Fasilitas Umum...
  - Fasilitas Pendidikan...
  - Rumah Ibadah...
  - Fasilitas Kesehatan...
  - Gedung/Kantor...
  - Jembatan...
  - Jumlah Meninggal per Kabkot...
  - Jumlah Pengungsi per Kabkot...
  - Update timestamp...
Selesai! Data tersimpan di public/data/

Step 2: Building aplikasi...

> frontend@0.1.0 build
> NODE_ENV=production next build

   ▲ Next.js 16.0.7 (Turbopack)

   Creating an optimized production build ...
 ✓ Compiled successfully in 1881.7ms
   Running TypeScript ...
   Collecting page data using 7 workers ...
   Generating static pages using 7 workers (0/5) ...
   Generating static pages using 7 workers (1/5) 
   Generating static pages using 7 workers (2/5) 
   Generating static pages using 7 workers (3/5) 
 ✓ Generating static pages using 7 workers (5/5) in 473.3ms
   Finalizing page optimization ...

Route (app)
┌ ○ /
├ ○ /_not-found
└ ○ /sumatera


○  (Static)  prerendered as static content


Step 3: Menjalankan Docker production...
sudo: a terminal is required to read the password; either use the -S option to read from standard input or configure an askpass helper
sudo: a password is required

=== Scheduled Update Completed ===
Wed Jan 14 21:00:10 UTC 2026
=== Scheduled Update Started ===
Wed Jan 14 22:00:01 UTC 2026

Step 1: Mengambil data dari BNPB...
Mengambil data dari BNPB GIS Server...
  - Jumlah Terluka...
  - Jumlah Hilang...
  - Jumlah Meninggal...
  - Kabupaten Terdampak...
  - Jumlah Rumah Rusak...
  - Fasilitas Umum...
  - Fasilitas Pendidikan...
  - Rumah Ibadah...
  - Fasilitas Kesehatan...
  - Gedung/Kantor...
  - Jembatan...
  - Jumlah Meninggal per Kabkot...
  - Jumlah Pengungsi per Kabkot...
  - Update timestamp...
Selesai! Data tersimpan di public/data/

Step 2: Building aplikasi...

> frontend@0.1.0 build
> NODE_ENV=production next build

   ▲ Next.js 16.0.7 (Turbopack)

   Creating an optimized production build ...
 ✓ Compiled successfully in 1826.3ms
   Running TypeScript ...
   Collecting page data using 7 workers ...
   Generating static pages using 7 workers (0/5) ...
   Generating static pages using 7 workers (1/5) 
   Generating static pages using 7 workers (2/5) 
   Generating static pages using 7 workers (3/5) 
 ✓ Generating static pages using 7 workers (5/5) in 478.7ms
   Finalizing page optimization ...

Route (app)
┌ ○ /
├ ○ /_not-found
└ ○ /sumatera


○  (Static)  prerendered as static content


Step 3: Menjalankan Docker production...
sudo: a terminal is required to read the password; either use the -S option to read from standard input or configure an askpass helper
sudo: a password is required

=== Scheduled Update Completed ===
Wed Jan 14 22:00:09 UTC 2026
=== Scheduled Update Started ===
Wed Jan 14 23:00:01 UTC 2026

Step 1: Mengambil data dari BNPB...
Mengambil data dari BNPB GIS Server...
  - Jumlah Terluka...
  - Jumlah Hilang...
  - Jumlah Meninggal...
  - Kabupaten Terdampak...
  - Jumlah Rumah Rusak...
  - Fasilitas Umum...
  - Fasilitas Pendidikan...
  - Rumah Ibadah...
  - Fasilitas Kesehatan...
  - Gedung/Kantor...
  - Jembatan...
  - Jumlah Meninggal per Kabkot...
  - Jumlah Pengungsi per Kabkot...
  - Update timestamp...
Selesai! Data tersimpan di public/data/

Step 2: Building aplikasi...

> frontend@0.1.0 build
> NODE_ENV=production next build

   ▲ Next.js 16.0.7 (Turbopack)

   Creating an optimized production build ...
 ✓ Compiled successfully in 1867.8ms
   Running TypeScript ...
   Collecting page data using 7 workers ...
   Generating static pages using 7 workers (0/5) ...
   Generating static pages using 7 workers (1/5) 
   Generating static pages using 7 workers (2/5) 
   Generating static pages using 7 workers (3/5) 
 ✓ Generating static pages using 7 workers (5/5) in 483.6ms
   Finalizing page optimization ...

Route (app)
┌ ○ /
├ ○ /_not-found
└ ○ /sumatera


○  (Static)  prerendered as static content


Step 3: Menjalankan Docker production...
sudo: a terminal is required to read the password; either use the -S option to read from standard input or configure an askpass helper
sudo: a password is required

=== Scheduled Update Completed ===
Wed Jan 14 23:00:09 UTC 2026
=== Scheduled Update Started ===
Thu Jan 15 00:00:01 UTC 2026

Step 1: Mengambil data dari BNPB...
Mengambil data dari BNPB GIS Server...
  - Jumlah Terluka...
  - Jumlah Hilang...
  - Jumlah Meninggal...
  - Kabupaten Terdampak...
  - Jumlah Rumah Rusak...
  - Fasilitas Umum...
  - Fasilitas Pendidikan...
  - Rumah Ibadah...
  - Fasilitas Kesehatan...
  - Gedung/Kantor...
  - Jembatan...
  - Jumlah Meninggal per Kabkot...
  - Jumlah Pengungsi per Kabkot...
  - Update timestamp...
Selesai! Data tersimpan di public/data/

Step 2: Building aplikasi...

> frontend@0.1.0 build
> NODE_ENV=production next build

   ▲ Next.js 16.0.7 (Turbopack)

   Creating an optimized production build ...
 ✓ Compiled successfully in 1851.7ms
   Running TypeScript ...
   Collecting page data using 7 workers ...
   Generating static pages using 7 workers (0/5) ...
   Generating static pages using 7 workers (1/5) 
   Generating static pages using 7 workers (2/5) 
   Generating static pages using 7 workers (3/5) 
 ✓ Generating static pages using 7 workers (5/5) in 426.4ms
   Finalizing page optimization ...

Route (app)
┌ ○ /
├ ○ /_not-found
└ ○ /sumatera


○  (Static)  prerendered as static content


Step 3: Menjalankan Docker production...
sudo: a terminal is required to read the password; either use the -S option to read from standard input or configure an askpass helper
sudo: a password is required

=== Scheduled Update Completed ===
Thu Jan 15 00:00:10 UTC 2026
=== Scheduled Update Started ===
Thu Jan 15 01:00:01 UTC 2026

Step 1: Mengambil data dari BNPB...
Mengambil data dari BNPB GIS Server...
  - Jumlah Terluka...
  - Jumlah Hilang...
  - Jumlah Meninggal...
  - Kabupaten Terdampak...
  - Jumlah Rumah Rusak...
  - Fasilitas Umum...
  - Fasilitas Pendidikan...
  - Rumah Ibadah...
  - Fasilitas Kesehatan...
  - Gedung/Kantor...
  - Jembatan...
  - Jumlah Meninggal per Kabkot...
  - Jumlah Pengungsi per Kabkot...
  - Update timestamp...
Selesai! Data tersimpan di public/data/

Step 2: Building aplikasi...

> frontend@0.1.0 build
> NODE_ENV=production next build

   ▲ Next.js 16.0.7 (Turbopack)

   Creating an optimized production build ...
 ✓ Compiled successfully in 2.1s
   Running TypeScript ...
   Collecting page data using 7 workers ...
   Generating static pages using 7 workers (0/5) ...
   Generating static pages using 7 workers (1/5) 
   Generating static pages using 7 workers (2/5) 
   Generating static pages using 7 workers (3/5) 
 ✓ Generating static pages using 7 workers (5/5) in 883.8ms
   Finalizing page optimization ...

Route (app)
┌ ○ /
├ ○ /_not-found
└ ○ /sumatera


○  (Static)  prerendered as static content


Step 3: Menjalankan Docker production...
sudo: a terminal is required to read the password; either use the -S option to read from standard input or configure an askpass helper
sudo: a password is required

=== Scheduled Update Completed ===
Thu Jan 15 01:00:10 UTC 2026
=== Scheduled Update Started ===
Thu Jan 15 02:00:01 UTC 2026

Step 1: Mengambil data dari BNPB...
Mengambil data dari BNPB GIS Server...
  - Jumlah Terluka...
  - Jumlah Hilang...
  - Jumlah Meninggal...
  - Kabupaten Terdampak...
  - Jumlah Rumah Rusak...
  - Fasilitas Umum...
  - Fasilitas Pendidikan...
  - Rumah Ibadah...
  - Fasilitas Kesehatan...
  - Gedung/Kantor...
  - Jembatan...
  - Jumlah Meninggal per Kabkot...
  - Jumlah Pengungsi per Kabkot...
  - Update timestamp...
Selesai! Data tersimpan di public/data/

Step 2: Building aplikasi...

> frontend@0.1.0 build
> NODE_ENV=production next build

   ▲ Next.js 16.0.7 (Turbopack)

   Creating an optimized production build ...
 ✓ Compiled successfully in 1738.8ms
   Running TypeScript ...
   Collecting page data using 7 workers ...
   Generating static pages using 7 workers (0/5) ...
   Generating static pages using 7 workers (1/5) 
   Generating static pages using 7 workers (2/5) 
   Generating static pages using 7 workers (3/5) 
 ✓ Generating static pages using 7 workers (5/5) in 456.7ms
   Finalizing page optimization ...

Route (app)
┌ ○ /
├ ○ /_not-found
└ ○ /sumatera


○  (Static)  prerendered as static content


Step 3: Menjalankan Docker production...
sudo: a terminal is required to read the password; either use the -S option to read from standard input or configure an askpass helper
sudo: a password is required

=== Scheduled Update Completed ===
Thu Jan 15 02:00:10 UTC 2026
=== Scheduled Update Started ===
Thu Jan 15 03:00:01 UTC 2026

Step 1: Mengambil data dari BNPB...
Mengambil data dari BNPB GIS Server...
  - Jumlah Terluka...
  - Jumlah Hilang...
  - Jumlah Meninggal...
  - Kabupaten Terdampak...
  - Jumlah Rumah Rusak...
  - Fasilitas Umum...
  - Fasilitas Pendidikan...
  - Rumah Ibadah...
  - Fasilitas Kesehatan...
  - Gedung/Kantor...
  - Jembatan...
  - Jumlah Meninggal per Kabkot...
  - Jumlah Pengungsi per Kabkot...
  - Update timestamp...
Selesai! Data tersimpan di public/data/

Step 2: Building aplikasi...

> frontend@0.1.0 build
> NODE_ENV=production next build

   ▲ Next.js 16.0.7 (Turbopack)

   Creating an optimized production build ...
 ✓ Compiled successfully in 1855.1ms
   Running TypeScript ...
   Collecting page data using 7 workers ...
   Generating static pages using 7 workers (0/5) ...
   Generating static pages using 7 workers (1/5) 
   Generating static pages using 7 workers (2/5) 
   Generating static pages using 7 workers (3/5) 
 ✓ Generating static pages using 7 workers (5/5) in 825.3ms
   Finalizing page optimization ...

Route (app)
┌ ○ /
├ ○ /_not-found
└ ○ /sumatera


○  (Static)  prerendered as static content


Step 3: Menjalankan Docker production...
sudo: a terminal is required to read the password; either use the -S option to read from standard input or configure an askpass helper
sudo: a password is required

=== Scheduled Update Completed ===
Thu Jan 15 03:00:10 UTC 2026
=== Scheduled Update Started ===
Thu Jan 15 04:00:01 UTC 2026

Step 1: Mengambil data dari BNPB...
Mengambil data dari BNPB GIS Server...
  - Jumlah Terluka...
  - Jumlah Hilang...
  - Jumlah Meninggal...
  - Kabupaten Terdampak...
  - Jumlah Rumah Rusak...
  - Fasilitas Umum...
  - Fasilitas Pendidikan...
  - Rumah Ibadah...
  - Fasilitas Kesehatan...
  - Gedung/Kantor...
  - Jembatan...
  - Jumlah Meninggal per Kabkot...
  - Jumlah Pengungsi per Kabkot...
  - Update timestamp...
Selesai! Data tersimpan di public/data/

Step 2: Building aplikasi...

> frontend@0.1.0 build
> NODE_ENV=production next build

   ▲ Next.js 16.0.7 (Turbopack)

   Creating an optimized production build ...
 ✓ Compiled successfully in 1863.7ms
   Running TypeScript ...
   Collecting page data using 7 workers ...
   Generating static pages using 7 workers (0/5) ...
   Generating static pages using 7 workers (1/5) 
   Generating static pages using 7 workers (2/5) 
   Generating static pages using 7 workers (3/5) 
 ✓ Generating static pages using 7 workers (5/5) in 444.0ms
   Finalizing page optimization ...

Route (app)
┌ ○ /
├ ○ /_not-found
└ ○ /sumatera


○  (Static)  prerendered as static content


Step 3: Menjalankan Docker production...
sudo: a terminal is required to read the password; either use the -S option to read from standard input or configure an askpass helper
sudo: a password is required

=== Scheduled Update Completed ===
Thu Jan 15 04:00:09 UTC 2026
=== Scheduled Update Started ===
Thu Jan 15 05:00:01 UTC 2026

Step 1: Mengambil data dari BNPB...
Mengambil data dari BNPB GIS Server...
  - Jumlah Terluka...
  - Jumlah Hilang...
  - Jumlah Meninggal...
  - Kabupaten Terdampak...
  - Jumlah Rumah Rusak...
  - Fasilitas Umum...
  - Fasilitas Pendidikan...
  - Rumah Ibadah...
  - Fasilitas Kesehatan...
  - Gedung/Kantor...
  - Jembatan...
  - Jumlah Meninggal per Kabkot...
  - Jumlah Pengungsi per Kabkot...
  - Update timestamp...
Selesai! Data tersimpan di public/data/

Step 2: Building aplikasi...

> frontend@0.1.0 build
> NODE_ENV=production next build

   ▲ Next.js 16.0.7 (Turbopack)

   Creating an optimized production build ...
 ✓ Compiled successfully in 1840.7ms
   Running TypeScript ...
   Collecting page data using 7 workers ...
   Generating static pages using 7 workers (0/5) ...
   Generating static pages using 7 workers (1/5) 
   Generating static pages using 7 workers (2/5) 
   Generating static pages using 7 workers (3/5) 
 ✓ Generating static pages using 7 workers (5/5) in 456.1ms
   Finalizing page optimization ...

Route (app)
┌ ○ /
├ ○ /_not-found
└ ○ /sumatera


○  (Static)  prerendered as static content


Step 3: Menjalankan Docker production...
sudo: a terminal is required to read the password; either use the -S option to read from standard input or configure an askpass helper
sudo: a password is required

=== Scheduled Update Completed ===
Thu Jan 15 05:00:09 UTC 2026
=== Scheduled Update Started ===
Thu Jan 15 06:00:01 UTC 2026

Step 1: Mengambil data dari BNPB...
Mengambil data dari BNPB GIS Server...
  - Jumlah Terluka...
  - Jumlah Hilang...
  - Jumlah Meninggal...
  - Kabupaten Terdampak...
  - Jumlah Rumah Rusak...
  - Fasilitas Umum...
  - Fasilitas Pendidikan...
  - Rumah Ibadah...
  - Fasilitas Kesehatan...
  - Gedung/Kantor...
  - Jembatan...
  - Jumlah Meninggal per Kabkot...
  - Jumlah Pengungsi per Kabkot...
  - Update timestamp...
Selesai! Data tersimpan di public/data/

Step 2: Building aplikasi...

> frontend@0.1.0 build
> NODE_ENV=production next build

   ▲ Next.js 16.0.7 (Turbopack)

   Creating an optimized production build ...
 ✓ Compiled successfully in 3.1s
   Running TypeScript ...
   Collecting page data using 7 workers ...
   Generating static pages using 7 workers (0/5) ...
   Generating static pages using 7 workers (1/5) 
   Generating static pages using 7 workers (2/5) 
   Generating static pages using 7 workers (3/5) 
 ✓ Generating static pages using 7 workers (5/5) in 471.7ms
   Finalizing page optimization ...

Route (app)
┌ ○ /
├ ○ /_not-found
└ ○ /sumatera


○  (Static)  prerendered as static content


Step 3: Menjalankan Docker production...
sudo: a terminal is required to read the password; either use the -S option to read from standard input or configure an askpass helper
sudo: a password is required

=== Scheduled Update Completed ===
Thu Jan 15 06:00:11 UTC 2026
=== Scheduled Update Started ===
Thu Jan 15 07:00:01 UTC 2026

Step 1: Mengambil data dari BNPB...
Mengambil data dari BNPB GIS Server...
  - Jumlah Terluka...
  - Jumlah Hilang...
  - Jumlah Meninggal...
  - Kabupaten Terdampak...
  - Jumlah Rumah Rusak...
  - Fasilitas Umum...
  - Fasilitas Pendidikan...
  - Rumah Ibadah...
  - Fasilitas Kesehatan...
  - Gedung/Kantor...
  - Jembatan...
  - Jumlah Meninggal per Kabkot...
  - Jumlah Pengungsi per Kabkot...
  - Update timestamp...
Selesai! Data tersimpan di public/data/

Step 2: Building aplikasi...

> frontend@0.1.0 build
> NODE_ENV=production next build

   ▲ Next.js 16.0.7 (Turbopack)

   Creating an optimized production build ...
 ✓ Compiled successfully in 1805.7ms
   Running TypeScript ...
   Collecting page data using 7 workers ...
   Generating static pages using 7 workers (0/5) ...
   Generating static pages using 7 workers (1/5) 
   Generating static pages using 7 workers (2/5) 
   Generating static pages using 7 workers (3/5) 
 ✓ Generating static pages using 7 workers (5/5) in 903.1ms
   Finalizing page optimization ...

Route (app)
┌ ○ /
├ ○ /_not-found
└ ○ /sumatera


○  (Static)  prerendered as static content


Step 3: Menjalankan Docker production...
sudo: a terminal is required to read the password; either use the -S option to read from standard input or configure an askpass helper
sudo: a password is required

=== Scheduled Update Completed ===
Thu Jan 15 07:00:10 UTC 2026
=== Scheduled Update Started ===
Thu Jan 15 08:00:01 UTC 2026

Step 1: Mengambil data dari BNPB...
Mengambil data dari BNPB GIS Server...
  - Jumlah Terluka...
  - Jumlah Hilang...
  - Jumlah Meninggal...
  - Kabupaten Terdampak...
  - Jumlah Rumah Rusak...
  - Fasilitas Umum...
  - Fasilitas Pendidikan...
  - Rumah Ibadah...
  - Fasilitas Kesehatan...
  - Gedung/Kantor...
  - Jembatan...
  - Jumlah Meninggal per Kabkot...
  - Jumlah Pengungsi per Kabkot...
  - Update timestamp...
Selesai! Data tersimpan di public/data/

Step 2: Building aplikasi...

> frontend@0.1.0 build
> NODE_ENV=production next build

   ▲ Next.js 16.0.7 (Turbopack)

   Creating an optimized production build ...
 ✓ Compiled successfully in 1892.2ms
   Running TypeScript ...
   Collecting page data using 7 workers ...
   Generating static pages using 7 workers (0/5) ...
   Generating static pages using 7 workers (1/5) 
   Generating static pages using 7 workers (2/5) 
   Generating static pages using 7 workers (3/5) 
 ✓ Generating static pages using 7 workers (5/5) in 506.4ms
   Finalizing page optimization ...

Route (app)
┌ ○ /
├ ○ /_not-found
└ ○ /sumatera


○  (Static)  prerendered as static content


Step 3: Menjalankan Docker production...
sudo: a terminal is required to read the password; either use the -S option to read from standard input or configure an askpass helper
sudo: a password is required

=== Scheduled Update Completed ===
Thu Jan 15 08:00:10 UTC 2026
=== Scheduled Update Started ===
Thu Jan 15 09:00:01 UTC 2026

Step 1: Mengambil data dari BNPB...
Mengambil data dari BNPB GIS Server...
  - Jumlah Terluka...
  - Jumlah Hilang...
  - Jumlah Meninggal...
  - Kabupaten Terdampak...
  - Jumlah Rumah Rusak...
  - Fasilitas Umum...
  - Fasilitas Pendidikan...
  - Rumah Ibadah...
  - Fasilitas Kesehatan...
  - Gedung/Kantor...
  - Jembatan...
  - Jumlah Meninggal per Kabkot...
  - Jumlah Pengungsi per Kabkot...
  - Update timestamp...
Selesai! Data tersimpan di public/data/

Step 2: Building aplikasi...

> frontend@0.1.0 build
> NODE_ENV=production next build

   ▲ Next.js 16.0.7 (Turbopack)

   Creating an optimized production build ...
 ✓ Compiled successfully in 1941.2ms
   Running TypeScript ...
   Collecting page data using 7 workers ...
   Generating static pages using 7 workers (0/5) ...
   Generating static pages using 7 workers (1/5) 
   Generating static pages using 7 workers (2/5) 
   Generating static pages using 7 workers (3/5) 
 ✓ Generating static pages using 7 workers (5/5) in 452.9ms
   Finalizing page optimization ...

Route (app)
┌ ○ /
├ ○ /_not-found
└ ○ /sumatera


○  (Static)  prerendered as static content


Step 3: Menjalankan Docker production...
sudo: a terminal is required to read the password; either use the -S option to read from standard input or configure an askpass helper
sudo: a password is required

=== Scheduled Update Completed ===
Thu Jan 15 09:00:09 UTC 2026
=== Scheduled Update Started ===
Thu Jan 15 10:00:01 UTC 2026

Step 1: Mengambil data dari BNPB...
Mengambil data dari BNPB GIS Server...
  - Jumlah Terluka...
  - Jumlah Hilang...
  - Jumlah Meninggal...
  - Kabupaten Terdampak...
  - Jumlah Rumah Rusak...
  - Fasilitas Umum...
  - Fasilitas Pendidikan...
  - Rumah Ibadah...
  - Fasilitas Kesehatan...
  - Gedung/Kantor...
  - Jembatan...
  - Jumlah Meninggal per Kabkot...
  - Jumlah Pengungsi per Kabkot...
  - Update timestamp...
Selesai! Data tersimpan di public/data/

Step 2: Building aplikasi...

> frontend@0.1.0 build
> NODE_ENV=production next build

   ▲ Next.js 16.0.7 (Turbopack)

   Creating an optimized production build ...
 ✓ Compiled successfully in 1910.5ms
   Running TypeScript ...
   Collecting page data using 7 workers ...
   Generating static pages using 7 workers (0/5) ...
   Generating static pages using 7 workers (1/5) 
   Generating static pages using 7 workers (2/5) 
   Generating static pages using 7 workers (3/5) 
 ✓ Generating static pages using 7 workers (5/5) in 425.4ms
   Finalizing page optimization ...

Route (app)
┌ ○ /
├ ○ /_not-found
└ ○ /sumatera


○  (Static)  prerendered as static content


Step 3: Menjalankan Docker production...
sudo: a terminal is required to read the password; either use the -S option to read from standard input or configure an askpass helper
sudo: a password is required

=== Scheduled Update Completed ===
Thu Jan 15 10:00:11 UTC 2026
=== Scheduled Update Started ===
Thu Jan 15 11:00:01 UTC 2026

Step 1: Mengambil data dari BNPB...
Mengambil data dari BNPB GIS Server...
  - Jumlah Terluka...
  - Jumlah Hilang...
  - Jumlah Meninggal...
  - Kabupaten Terdampak...
  - Jumlah Rumah Rusak...
  - Fasilitas Umum...
  - Fasilitas Pendidikan...
  - Rumah Ibadah...
  - Fasilitas Kesehatan...
  - Gedung/Kantor...
  - Jembatan...
  - Jumlah Meninggal per Kabkot...
  - Jumlah Pengungsi per Kabkot...
  - Update timestamp...
Selesai! Data tersimpan di public/data/

Step 2: Building aplikasi...

> frontend@0.1.0 build
> NODE_ENV=production next build

   ▲ Next.js 16.0.7 (Turbopack)

   Creating an optimized production build ...
 ✓ Compiled successfully in 1866.5ms
   Running TypeScript ...
   Collecting page data using 7 workers ...
   Generating static pages using 7 workers (0/5) ...
   Generating static pages using 7 workers (1/5) 
   Generating static pages using 7 workers (2/5) 
   Generating static pages using 7 workers (3/5) 
 ✓ Generating static pages using 7 workers (5/5) in 455.9ms
   Finalizing page optimization ...

Route (app)
┌ ○ /
├ ○ /_not-found
└ ○ /sumatera


○  (Static)  prerendered as static content


Step 3: Menjalankan Docker production...
sudo: a terminal is required to read the password; either use the -S option to read from standard input or configure an askpass helper
sudo: a password is required

=== Scheduled Update Completed ===
Thu Jan 15 11:00:10 UTC 2026
=== Scheduled Update Started ===
Thu Jan 15 12:00:01 UTC 2026

Step 1: Mengambil data dari BNPB...
Mengambil data dari BNPB GIS Server...
  - Jumlah Terluka...
  - Jumlah Hilang...
  - Jumlah Meninggal...
  - Kabupaten Terdampak...
  - Jumlah Rumah Rusak...
  - Fasilitas Umum...
  - Fasilitas Pendidikan...
  - Rumah Ibadah...
  - Fasilitas Kesehatan...
  - Gedung/Kantor...
  - Jembatan...
  - Jumlah Meninggal per Kabkot...
  - Jumlah Pengungsi per Kabkot...
  - Update timestamp...
Selesai! Data tersimpan di public/data/

Step 2: Building aplikasi...

> frontend@0.1.0 build
> NODE_ENV=production next build

   ▲ Next.js 16.0.7 (Turbopack)

   Creating an optimized production build ...
 ✓ Compiled successfully in 1808.9ms
   Running TypeScript ...
   Collecting page data using 7 workers ...
   Generating static pages using 7 workers (0/5) ...
   Generating static pages using 7 workers (1/5) 
   Generating static pages using 7 workers (2/5) 
   Generating static pages using 7 workers (3/5) 
 ✓ Generating static pages using 7 workers (5/5) in 771.7ms
   Finalizing page optimization ...

Route (app)
┌ ○ /
├ ○ /_not-found
└ ○ /sumatera


○  (Static)  prerendered as static content


Step 3: Menjalankan Docker production...
sudo: a terminal is required to read the password; either use the -S option to read from standard input or configure an askpass helper
sudo: a password is required

=== Scheduled Update Completed ===
Thu Jan 15 12:00:10 UTC 2026
=== Scheduled Update Started ===
Thu Jan 15 13:00:01 UTC 2026

Step 1: Mengambil data dari BNPB...
Mengambil data dari BNPB GIS Server...
  - Jumlah Terluka...
  - Jumlah Hilang...
  - Jumlah Meninggal...
  - Kabupaten Terdampak...
  - Jumlah Rumah Rusak...
  - Fasilitas Umum...
  - Fasilitas Pendidikan...
  - Rumah Ibadah...
  - Fasilitas Kesehatan...
  - Gedung/Kantor...
  - Jembatan...
  - Jumlah Meninggal per Kabkot...
  - Jumlah Pengungsi per Kabkot...
  - Update timestamp...
Selesai! Data tersimpan di public/data/

Step 2: Building aplikasi...

> frontend@0.1.0 build
> NODE_ENV=production next build

   ▲ Next.js 16.0.7 (Turbopack)

   Creating an optimized production build ...
 ✓ Compiled successfully in 1892.7ms
   Running TypeScript ...
   Collecting page data using 7 workers ...
   Generating static pages using 7 workers (0/5) ...
   Generating static pages using 7 workers (1/5) 
   Generating static pages using 7 workers (2/5) 
   Generating static pages using 7 workers (3/5) 
 ✓ Generating static pages using 7 workers (5/5) in 493.0ms
   Finalizing page optimization ...

Route (app)
┌ ○ /
├ ○ /_not-found
└ ○ /sumatera


○  (Static)  prerendered as static content


Step 3: Menjalankan Docker production...
sudo: a terminal is required to read the password; either use the -S option to read from standard input or configure an askpass helper
sudo: a password is required

=== Scheduled Update Completed ===
Thu Jan 15 13:00:10 UTC 2026
=== Scheduled Update Started ===
Thu Jan 15 14:00:01 UTC 2026

Step 1: Mengambil data dari BNPB...
Mengambil data dari BNPB GIS Server...
  - Jumlah Terluka...
  - Jumlah Hilang...
  - Jumlah Meninggal...
  - Kabupaten Terdampak...
  - Jumlah Rumah Rusak...
  - Fasilitas Umum...
  - Fasilitas Pendidikan...
  - Rumah Ibadah...
  - Fasilitas Kesehatan...
  - Gedung/Kantor...
  - Jembatan...
  - Jumlah Meninggal per Kabkot...
  - Jumlah Pengungsi per Kabkot...
  - Update timestamp...
Selesai! Data tersimpan di public/data/

Step 2: Building aplikasi...

> frontend@0.1.0 build
> NODE_ENV=production next build

   ▲ Next.js 16.0.7 (Turbopack)

   Creating an optimized production build ...
 ✓ Compiled successfully in 1994.6ms
   Running TypeScript ...
   Collecting page data using 7 workers ...
   Generating static pages using 7 workers (0/5) ...
   Generating static pages using 7 workers (1/5) 
   Generating static pages using 7 workers (2/5) 
   Generating static pages using 7 workers (3/5) 
 ✓ Generating static pages using 7 workers (5/5) in 452.1ms
   Finalizing page optimization ...

Route (app)
┌ ○ /
├ ○ /_not-found
└ ○ /sumatera


○  (Static)  prerendered as static content


Step 3: Menjalankan Docker production...
sudo: a terminal is required to read the password; either use the -S option to read from standard input or configure an askpass helper
sudo: a password is required

=== Scheduled Update Completed ===
Thu Jan 15 14:00:10 UTC 2026
=== Scheduled Update Started ===
Thu Jan 15 15:00:01 UTC 2026

Step 1: Mengambil data dari BNPB...
Mengambil data dari BNPB GIS Server...
  - Jumlah Terluka...
  - Jumlah Hilang...
  - Jumlah Meninggal...
  - Kabupaten Terdampak...
  - Jumlah Rumah Rusak...
  - Fasilitas Umum...
  - Fasilitas Pendidikan...
  - Rumah Ibadah...
  - Fasilitas Kesehatan...
  - Gedung/Kantor...
  - Jembatan...
  - Jumlah Meninggal per Kabkot...
  - Jumlah Pengungsi per Kabkot...
  - Update timestamp...
Selesai! Data tersimpan di public/data/

Step 2: Building aplikasi...

> frontend@0.1.0 build
> NODE_ENV=production next build

   ▲ Next.js 16.0.7 (Turbopack)

   Creating an optimized production build ...
 ✓ Compiled successfully in 1898.7ms
   Running TypeScript ...
   Collecting page data using 7 workers ...
   Generating static pages using 7 workers (0/5) ...
   Generating static pages using 7 workers (1/5) 
   Generating static pages using 7 workers (2/5) 
   Generating static pages using 7 workers (3/5) 
 ✓ Generating static pages using 7 workers (5/5) in 1074.0ms
   Finalizing page optimization ...

Route (app)
┌ ○ /
├ ○ /_not-found
└ ○ /sumatera


○  (Static)  prerendered as static content


Step 3: Menjalankan Docker production...
sudo: a terminal is required to read the password; either use the -S option to read from standard input or configure an askpass helper
sudo: a password is required

=== Scheduled Update Completed ===
Thu Jan 15 15:00:10 UTC 2026
=== Scheduled Update Started ===
Thu Jan 15 16:00:01 UTC 2026

Step 1: Mengambil data dari BNPB...
Mengambil data dari BNPB GIS Server...
  - Jumlah Terluka...
  - Jumlah Hilang...
  - Jumlah Meninggal...
  - Kabupaten Terdampak...
  - Jumlah Rumah Rusak...
  - Fasilitas Umum...
  - Fasilitas Pendidikan...
  - Rumah Ibadah...
  - Fasilitas Kesehatan...
  - Gedung/Kantor...
  - Jembatan...
  - Jumlah Meninggal per Kabkot...
  - Jumlah Pengungsi per Kabkot...
  - Update timestamp...
Selesai! Data tersimpan di public/data/

Step 2: Building aplikasi...

> frontend@0.1.0 build
> NODE_ENV=production next build

   ▲ Next.js 16.0.7 (Turbopack)

   Creating an optimized production build ...
 ✓ Compiled successfully in 1849.4ms
   Running TypeScript ...
   Collecting page data using 7 workers ...
   Generating static pages using 7 workers (0/5) ...
   Generating static pages using 7 workers (1/5) 
   Generating static pages using 7 workers (2/5) 
   Generating static pages using 7 workers (3/5) 
 ✓ Generating static pages using 7 workers (5/5) in 546.1ms
   Finalizing page optimization ...

Route (app)
┌ ○ /
├ ○ /_not-found
└ ○ /sumatera


○  (Static)  prerendered as static content


Step 3: Menjalankan Docker production...
sudo: a terminal is required to read the password; either use the -S option to read from standard input or configure an askpass helper
sudo: a password is required

=== Scheduled Update Completed ===
Thu Jan 15 16:00:10 UTC 2026
=== Scheduled Update Started ===
Thu Jan 15 17:00:01 UTC 2026

Step 1: Mengambil data dari BNPB...
Mengambil data dari BNPB GIS Server...
  - Jumlah Terluka...
  - Jumlah Hilang...
  - Jumlah Meninggal...
  - Kabupaten Terdampak...
  - Jumlah Rumah Rusak...
  - Fasilitas Umum...
  - Fasilitas Pendidikan...
  - Rumah Ibadah...
  - Fasilitas Kesehatan...
  - Gedung/Kantor...
  - Jembatan...
  - Jumlah Meninggal per Kabkot...
  - Jumlah Pengungsi per Kabkot...
  - Update timestamp...
Selesai! Data tersimpan di public/data/

Step 2: Building aplikasi...

> frontend@0.1.0 build
> NODE_ENV=production next build

   ▲ Next.js 16.0.7 (Turbopack)

   Creating an optimized production build ...
 ✓ Compiled successfully in 1897.4ms
   Running TypeScript ...
   Collecting page data using 7 workers ...
   Generating static pages using 7 workers (0/5) ...
   Generating static pages using 7 workers (1/5) 
   Generating static pages using 7 workers (2/5) 
   Generating static pages using 7 workers (3/5) 
 ✓ Generating static pages using 7 workers (5/5) in 453.6ms
   Finalizing page optimization ...

Route (app)
┌ ○ /
├ ○ /_not-found
└ ○ /sumatera


○  (Static)  prerendered as static content


Step 3: Menjalankan Docker production...
sudo: a terminal is required to read the password; either use the -S option to read from standard input or configure an askpass helper
sudo: a password is required

=== Scheduled Update Completed ===
Thu Jan 15 17:00:11 UTC 2026
=== Scheduled Update Started ===
Thu Jan 15 18:00:01 UTC 2026

Step 1: Mengambil data dari BNPB...
Mengambil data dari BNPB GIS Server...
  - Jumlah Terluka...
  - Jumlah Hilang...
  - Jumlah Meninggal...
  - Kabupaten Terdampak...
  - Jumlah Rumah Rusak...
  - Fasilitas Umum...
  - Fasilitas Pendidikan...
  - Rumah Ibadah...
  - Fasilitas Kesehatan...
  - Gedung/Kantor...
  - Jembatan...
  - Jumlah Meninggal per Kabkot...
  - Jumlah Pengungsi per Kabkot...
  - Update timestamp...
Selesai! Data tersimpan di public/data/

Step 2: Building aplikasi...

> frontend@0.1.0 build
> NODE_ENV=production next build

   ▲ Next.js 16.0.7 (Turbopack)

   Creating an optimized production build ...
 ✓ Compiled successfully in 1791.7ms
   Running TypeScript ...
   Collecting page data using 7 workers ...
   Generating static pages using 7 workers (0/5) ...
   Generating static pages using 7 workers (1/5) 
   Generating static pages using 7 workers (2/5) 
   Generating static pages using 7 workers (3/5) 
 ✓ Generating static pages using 7 workers (5/5) in 938.3ms
   Finalizing page optimization ...

Route (app)
┌ ○ /
├ ○ /_not-found
└ ○ /sumatera


○  (Static)  prerendered as static content


Step 3: Menjalankan Docker production...
sudo: a terminal is required to read the password; either use the -S option to read from standard input or configure an askpass helper
sudo: a password is required

=== Scheduled Update Completed ===
Thu Jan 15 18:00:10 UTC 2026
=== Scheduled Update Started ===
Thu Jan 15 19:00:01 UTC 2026

Step 1: Mengambil data dari BNPB...
Mengambil data dari BNPB GIS Server...
  - Jumlah Terluka...
  - Jumlah Hilang...
  - Jumlah Meninggal...
  - Kabupaten Terdampak...
  - Jumlah Rumah Rusak...
  - Fasilitas Umum...
  - Fasilitas Pendidikan...
  - Rumah Ibadah...
  - Fasilitas Kesehatan...
  - Gedung/Kantor...
  - Jembatan...
  - Jumlah Meninggal per Kabkot...
  - Jumlah Pengungsi per Kabkot...
  - Update timestamp...
Selesai! Data tersimpan di public/data/

Step 2: Building aplikasi...

> frontend@0.1.0 build
> NODE_ENV=production next build

   ▲ Next.js 16.0.7 (Turbopack)

   Creating an optimized production build ...
 ✓ Compiled successfully in 1972.0ms
   Running TypeScript ...
   Collecting page data using 7 workers ...
   Generating static pages using 7 workers (0/5) ...
   Generating static pages using 7 workers (1/5) 
   Generating static pages using 7 workers (2/5) 
   Generating static pages using 7 workers (3/5) 
 ✓ Generating static pages using 7 workers (5/5) in 496.1ms
   Finalizing page optimization ...

Route (app)
┌ ○ /
├ ○ /_not-found
└ ○ /sumatera


○  (Static)  prerendered as static content


Step 3: Menjalankan Docker production...
sudo: a terminal is required to read the password; either use the -S option to read from standard input or configure an askpass helper
sudo: a password is required

=== Scheduled Update Completed ===
Thu Jan 15 19:00:09 UTC 2026
=== Scheduled Update Started ===
Thu Jan 15 20:00:01 UTC 2026

Step 1: Mengambil data dari BNPB...
Mengambil data dari BNPB GIS Server...
  - Jumlah Terluka...
  - Jumlah Hilang...
  - Jumlah Meninggal...
  - Kabupaten Terdampak...
  - Jumlah Rumah Rusak...
  - Fasilitas Umum...
  - Fasilitas Pendidikan...
  - Rumah Ibadah...
  - Fasilitas Kesehatan...
  - Gedung/Kantor...
  - Jembatan...
  - Jumlah Meninggal per Kabkot...
  - Jumlah Pengungsi per Kabkot...
  - Update timestamp...
Selesai! Data tersimpan di public/data/

Step 2: Building aplikasi...

> frontend@0.1.0 build
> NODE_ENV=production next build

   ▲ Next.js 16.0.7 (Turbopack)

   Creating an optimized production build ...
 ✓ Compiled successfully in 1908.6ms
   Running TypeScript ...
   Collecting page data using 7 workers ...
   Generating static pages using 7 workers (0/5) ...
   Generating static pages using 7 workers (1/5) 
   Generating static pages using 7 workers (2/5) 
   Generating static pages using 7 workers (3/5) 
 ✓ Generating static pages using 7 workers (5/5) in 464.0ms
   Finalizing page optimization ...

Route (app)
┌ ○ /
├ ○ /_not-found
└ ○ /sumatera


○  (Static)  prerendered as static content


Step 3: Menjalankan Docker production...
sudo: a terminal is required to read the password; either use the -S option to read from standard input or configure an askpass helper
sudo: a password is required

=== Scheduled Update Completed ===
Thu Jan 15 20:00:10 UTC 2026
=== Scheduled Update Started ===
Thu Jan 15 21:00:01 UTC 2026

Step 1: Mengambil data dari BNPB...
Mengambil data dari BNPB GIS Server...
  - Jumlah Terluka...
  - Jumlah Hilang...
  - Jumlah Meninggal...
  - Kabupaten Terdampak...
  - Jumlah Rumah Rusak...
  - Fasilitas Umum...
  - Fasilitas Pendidikan...
  - Rumah Ibadah...
  - Fasilitas Kesehatan...
  - Gedung/Kantor...
  - Jembatan...
  - Jumlah Meninggal per Kabkot...
  - Jumlah Pengungsi per Kabkot...
  - Update timestamp...
Selesai! Data tersimpan di public/data/

Step 2: Building aplikasi...

> frontend@0.1.0 build
> NODE_ENV=production next build

   ▲ Next.js 16.0.7 (Turbopack)

   Creating an optimized production build ...
 ✓ Compiled successfully in 1893.3ms
   Running TypeScript ...
   Collecting page data using 7 workers ...
   Generating static pages using 7 workers (0/5) ...
   Generating static pages using 7 workers (1/5) 
   Generating static pages using 7 workers (2/5) 
   Generating static pages using 7 workers (3/5) 
 ✓ Generating static pages using 7 workers (5/5) in 432.0ms
   Finalizing page optimization ...

Route (app)
┌ ○ /
├ ○ /_not-found
└ ○ /sumatera


○  (Static)  prerendered as static content


Step 3: Menjalankan Docker production...
sudo: a terminal is required to read the password; either use the -S option to read from standard input or configure an askpass helper
sudo: a password is required

=== Scheduled Update Completed ===
Thu Jan 15 21:00:10 UTC 2026
=== Scheduled Update Started ===
Thu Jan 15 22:00:01 UTC 2026

Step 1: Mengambil data dari BNPB...
Mengambil data dari BNPB GIS Server...
  - Jumlah Terluka...
  - Jumlah Hilang...
  - Jumlah Meninggal...
  - Kabupaten Terdampak...
  - Jumlah Rumah Rusak...
  - Fasilitas Umum...
  - Fasilitas Pendidikan...
  - Rumah Ibadah...
  - Fasilitas Kesehatan...
  - Gedung/Kantor...
  - Jembatan...
  - Jumlah Meninggal per Kabkot...
  - Jumlah Pengungsi per Kabkot...
  - Update timestamp...
Selesai! Data tersimpan di public/data/

Step 2: Building aplikasi...

> frontend@0.1.0 build
> NODE_ENV=production next build

   ▲ Next.js 16.0.7 (Turbopack)

   Creating an optimized production build ...
 ✓ Compiled successfully in 1804.6ms
   Running TypeScript ...
   Collecting page data using 7 workers ...
   Generating static pages using 7 workers (0/5) ...
   Generating static pages using 7 workers (1/5) 
   Generating static pages using 7 workers (2/5) 
   Generating static pages using 7 workers (3/5) 
 ✓ Generating static pages using 7 workers (5/5) in 531.3ms
   Finalizing page optimization ...

Route (app)
┌ ○ /
├ ○ /_not-found
└ ○ /sumatera


○  (Static)  prerendered as static content


Step 3: Menjalankan Docker production...
sudo: a terminal is required to read the password; either use the -S option to read from standard input or configure an askpass helper
sudo: a password is required

=== Scheduled Update Completed ===
Thu Jan 15 22:00:10 UTC 2026
=== Scheduled Update Started ===
Thu Jan 15 23:00:01 UTC 2026

Step 1: Mengambil data dari BNPB...
Mengambil data dari BNPB GIS Server...
  - Jumlah Terluka...
  - Jumlah Hilang...
  - Jumlah Meninggal...
  - Kabupaten Terdampak...
  - Jumlah Rumah Rusak...
  - Fasilitas Umum...
  - Fasilitas Pendidikan...
  - Rumah Ibadah...
  - Fasilitas Kesehatan...
  - Gedung/Kantor...
  - Jembatan...
  - Jumlah Meninggal per Kabkot...
  - Jumlah Pengungsi per Kabkot...
  - Update timestamp...
Selesai! Data tersimpan di public/data/

Step 2: Building aplikasi...

> frontend@0.1.0 build
> NODE_ENV=production next build

   ▲ Next.js 16.0.7 (Turbopack)

   Creating an optimized production build ...
 ✓ Compiled successfully in 1930.9ms
   Running TypeScript ...
   Collecting page data using 7 workers ...
   Generating static pages using 7 workers (0/5) ...
   Generating static pages using 7 workers (1/5) 
   Generating static pages using 7 workers (2/5) 
   Generating static pages using 7 workers (3/5) 
 ✓ Generating static pages using 7 workers (5/5) in 726.7ms
   Finalizing page optimization ...

Route (app)
┌ ○ /
├ ○ /_not-found
└ ○ /sumatera


○  (Static)  prerendered as static content


Step 3: Menjalankan Docker production...
sudo: a terminal is required to read the password; either use the -S option to read from standard input or configure an askpass helper
sudo: a password is required

=== Scheduled Update Completed ===
Thu Jan 15 23:00:10 UTC 2026
=== Scheduled Update Started ===
Fri Jan 16 00:00:01 UTC 2026

Step 1: Mengambil data dari BNPB...
Mengambil data dari BNPB GIS Server...
  - Jumlah Terluka...
  - Jumlah Hilang...
  - Jumlah Meninggal...
  - Kabupaten Terdampak...
  - Jumlah Rumah Rusak...
  - Fasilitas Umum...
  - Fasilitas Pendidikan...
  - Rumah Ibadah...
  - Fasilitas Kesehatan...
  - Gedung/Kantor...
  - Jembatan...
  - Jumlah Meninggal per Kabkot...
  - Jumlah Pengungsi per Kabkot...
  - Update timestamp...
Selesai! Data tersimpan di public/data/

Step 2: Building aplikasi...

> frontend@0.1.0 build
> NODE_ENV=production next build

   ▲ Next.js 16.0.7 (Turbopack)

   Creating an optimized production build ...
 ✓ Compiled successfully in 1844.6ms
   Running TypeScript ...
   Collecting page data using 7 workers ...
   Generating static pages using 7 workers (0/5) ...
   Generating static pages using 7 workers (1/5) 
   Generating static pages using 7 workers (2/5) 
   Generating static pages using 7 workers (3/5) 
 ✓ Generating static pages using 7 workers (5/5) in 516.5ms
   Finalizing page optimization ...

Route (app)
┌ ○ /
├ ○ /_not-found
└ ○ /sumatera


○  (Static)  prerendered as static content


Step 3: Menjalankan Docker production...
sudo: a terminal is required to read the password; either use the -S option to read from standard input or configure an askpass helper
sudo: a password is required

=== Scheduled Update Completed ===
Fri Jan 16 00:00:10 UTC 2026
=== Scheduled Update Started ===
Fri Jan 16 01:00:01 UTC 2026

Step 1: Mengambil data dari BNPB...
Mengambil data dari BNPB GIS Server...
  - Jumlah Terluka...
  - Jumlah Hilang...
  - Jumlah Meninggal...
  - Kabupaten Terdampak...
  - Jumlah Rumah Rusak...
  - Fasilitas Umum...
  - Fasilitas Pendidikan...
  - Rumah Ibadah...
  - Fasilitas Kesehatan...
  - Gedung/Kantor...
  - Jembatan...
  - Jumlah Meninggal per Kabkot...
  - Jumlah Pengungsi per Kabkot...
  - Update timestamp...
Selesai! Data tersimpan di public/data/

Step 2: Building aplikasi...

> frontend@0.1.0 build
> NODE_ENV=production next build

   ▲ Next.js 16.0.7 (Turbopack)

   Creating an optimized production build ...
 ✓ Compiled successfully in 1829.6ms
   Running TypeScript ...
   Collecting page data using 7 workers ...
   Generating static pages using 7 workers (0/5) ...
   Generating static pages using 7 workers (1/5) 
   Generating static pages using 7 workers (2/5) 
   Generating static pages using 7 workers (3/5) 
 ✓ Generating static pages using 7 workers (5/5) in 467.8ms
   Finalizing page optimization ...

Route (app)
┌ ○ /
├ ○ /_not-found
└ ○ /sumatera


○  (Static)  prerendered as static content


Step 3: Menjalankan Docker production...
sudo: a terminal is required to read the password; either use the -S option to read from standard input or configure an askpass helper
sudo: a password is required

=== Scheduled Update Completed ===
Fri Jan 16 01:00:09 UTC 2026
=== Scheduled Update Started ===
Fri Jan 16 02:00:01 UTC 2026

Step 1: Mengambil data dari BNPB...
Mengambil data dari BNPB GIS Server...
  - Jumlah Terluka...
  - Jumlah Hilang...
  - Jumlah Meninggal...
  - Kabupaten Terdampak...
  - Jumlah Rumah Rusak...
  - Fasilitas Umum...
  - Fasilitas Pendidikan...
  - Rumah Ibadah...
  - Fasilitas Kesehatan...
  - Gedung/Kantor...
  - Jembatan...
  - Jumlah Meninggal per Kabkot...
  - Jumlah Pengungsi per Kabkot...
  - Update timestamp...
Selesai! Data tersimpan di public/data/

Step 2: Building aplikasi...

> frontend@0.1.0 build
> NODE_ENV=production next build

   ▲ Next.js 16.0.7 (Turbopack)

   Creating an optimized production build ...
 ✓ Compiled successfully in 1914.3ms
   Running TypeScript ...
   Collecting page data using 7 workers ...
   Generating static pages using 7 workers (0/5) ...
   Generating static pages using 7 workers (1/5) 
   Generating static pages using 7 workers (2/5) 
   Generating static pages using 7 workers (3/5) 
 ✓ Generating static pages using 7 workers (5/5) in 474.9ms
   Finalizing page optimization ...

Route (app)
┌ ○ /
├ ○ /_not-found
└ ○ /sumatera


○  (Static)  prerendered as static content


Step 3: Menjalankan Docker production...
sudo: a terminal is required to read the password; either use the -S option to read from standard input or configure an askpass helper
sudo: a password is required

=== Scheduled Update Completed ===
Fri Jan 16 02:00:10 UTC 2026
=== Scheduled Update Started ===
Fri Jan 16 03:00:01 UTC 2026

Step 1: Mengambil data dari BNPB...
Mengambil data dari BNPB GIS Server...
  - Jumlah Terluka...
  - Jumlah Hilang...
  - Jumlah Meninggal...
  - Kabupaten Terdampak...
  - Jumlah Rumah Rusak...
  - Fasilitas Umum...
  - Fasilitas Pendidikan...
  - Rumah Ibadah...
  - Fasilitas Kesehatan...
  - Gedung/Kantor...
  - Jembatan...
  - Jumlah Meninggal per Kabkot...
  - Jumlah Pengungsi per Kabkot...
  - Update timestamp...
Selesai! Data tersimpan di public/data/

Step 2: Building aplikasi...

> frontend@0.1.0 build
> NODE_ENV=production next build

   ▲ Next.js 16.0.7 (Turbopack)

   Creating an optimized production build ...
 ✓ Compiled successfully in 1870.7ms
   Running TypeScript ...
   Collecting page data using 7 workers ...
   Generating static pages using 7 workers (0/5) ...
   Generating static pages using 7 workers (1/5) 
   Generating static pages using 7 workers (2/5) 
   Generating static pages using 7 workers (3/5) 
 ✓ Generating static pages using 7 workers (5/5) in 508.1ms
   Finalizing page optimization ...

Route (app)
┌ ○ /
├ ○ /_not-found
└ ○ /sumatera


○  (Static)  prerendered as static content


Step 3: Menjalankan Docker production...
sudo: a terminal is required to read the password; either use the -S option to read from standard input or configure an askpass helper
sudo: a password is required

=== Scheduled Update Completed ===
Fri Jan 16 03:00:09 UTC 2026
=== Scheduled Update Started ===
Fri Jan 16 04:00:01 UTC 2026

Step 1: Mengambil data dari BNPB...
Mengambil data dari BNPB GIS Server...
  - Jumlah Terluka...
  - Jumlah Hilang...
  - Jumlah Meninggal...
  - Kabupaten Terdampak...
  - Jumlah Rumah Rusak...
  - Fasilitas Umum...
  - Fasilitas Pendidikan...
  - Rumah Ibadah...
  - Fasilitas Kesehatan...
  - Gedung/Kantor...
  - Jembatan...
  - Jumlah Meninggal per Kabkot...
  - Jumlah Pengungsi per Kabkot...
  - Update timestamp...
Selesai! Data tersimpan di public/data/

Step 2: Building aplikasi...

> frontend@0.1.0 build
> NODE_ENV=production next build

   ▲ Next.js 16.0.7 (Turbopack)

   Creating an optimized production build ...
 ✓ Compiled successfully in 1896.6ms
   Running TypeScript ...
   Collecting page data using 7 workers ...
   Generating static pages using 7 workers (0/5) ...
   Generating static pages using 7 workers (1/5) 
   Generating static pages using 7 workers (2/5) 
   Generating static pages using 7 workers (3/5) 
 ✓ Generating static pages using 7 workers (5/5) in 495.7ms
   Finalizing page optimization ...

Route (app)
┌ ○ /
├ ○ /_not-found
└ ○ /sumatera


○  (Static)  prerendered as static content


Step 3: Menjalankan Docker production...
sudo: a terminal is required to read the password; either use the -S option to read from standard input or configure an askpass helper
sudo: a password is required

=== Scheduled Update Completed ===
Fri Jan 16 04:00:10 UTC 2026
=== Scheduled Update Started ===
Fri Jan 16 05:00:01 UTC 2026

Step 1: Mengambil data dari BNPB...
Mengambil data dari BNPB GIS Server...
  - Jumlah Terluka...
  - Jumlah Hilang...
  - Jumlah Meninggal...
  - Kabupaten Terdampak...
  - Jumlah Rumah Rusak...
  - Fasilitas Umum...
  - Fasilitas Pendidikan...
  - Rumah Ibadah...
  - Fasilitas Kesehatan...
  - Gedung/Kantor...
  - Jembatan...
  - Jumlah Meninggal per Kabkot...
  - Jumlah Pengungsi per Kabkot...
  - Update timestamp...
Selesai! Data tersimpan di public/data/

Step 2: Building aplikasi...

> frontend@0.1.0 build
> NODE_ENV=production next build

   ▲ Next.js 16.0.7 (Turbopack)

   Creating an optimized production build ...
 ✓ Compiled successfully in 1894.6ms
   Running TypeScript ...
   Collecting page data using 7 workers ...
   Generating static pages using 7 workers (0/5) ...
   Generating static pages using 7 workers (1/5) 
   Generating static pages using 7 workers (2/5) 
   Generating static pages using 7 workers (3/5) 
 ✓ Generating static pages using 7 workers (5/5) in 511.1ms
   Finalizing page optimization ...

Route (app)
┌ ○ /
├ ○ /_not-found
└ ○ /sumatera


○  (Static)  prerendered as static content


Step 3: Menjalankan Docker production...
sudo: a terminal is required to read the password; either use the -S option to read from standard input or configure an askpass helper
sudo: a password is required

=== Scheduled Update Completed ===
Fri Jan 16 05:00:09 UTC 2026
=== Scheduled Update Started ===
Fri Jan 16 06:00:01 UTC 2026

Step 1: Mengambil data dari BNPB...
Mengambil data dari BNPB GIS Server...
  - Jumlah Terluka...
  - Jumlah Hilang...
  - Jumlah Meninggal...
  - Kabupaten Terdampak...
  - Jumlah Rumah Rusak...
  - Fasilitas Umum...
  - Fasilitas Pendidikan...
  - Rumah Ibadah...
  - Fasilitas Kesehatan...
  - Gedung/Kantor...
  - Jembatan...
  - Jumlah Meninggal per Kabkot...
  - Jumlah Pengungsi per Kabkot...
  - Update timestamp...
Selesai! Data tersimpan di public/data/

Step 2: Building aplikasi...

> frontend@0.1.0 build
> NODE_ENV=production next build

   ▲ Next.js 16.0.7 (Turbopack)

   Creating an optimized production build ...
 ✓ Compiled successfully in 1883.2ms
   Running TypeScript ...
   Collecting page data using 7 workers ...
   Generating static pages using 7 workers (0/5) ...
   Generating static pages using 7 workers (1/5) 
   Generating static pages using 7 workers (2/5) 
   Generating static pages using 7 workers (3/5) 
 ✓ Generating static pages using 7 workers (5/5) in 459.6ms
   Finalizing page optimization ...

Route (app)
┌ ○ /
├ ○ /_not-found
└ ○ /sumatera


○  (Static)  prerendered as static content


Step 3: Menjalankan Docker production...
sudo: a terminal is required to read the password; either use the -S option to read from standard input or configure an askpass helper
sudo: a password is required

=== Scheduled Update Completed ===
Fri Jan 16 06:00:10 UTC 2026
=== Scheduled Update Started ===
Fri Jan 16 07:00:01 UTC 2026

Step 1: Mengambil data dari BNPB...
Mengambil data dari BNPB GIS Server...
  - Jumlah Terluka...
  - Jumlah Hilang...
  - Jumlah Meninggal...
  - Kabupaten Terdampak...
  - Jumlah Rumah Rusak...
  - Fasilitas Umum...
  - Fasilitas Pendidikan...
  - Rumah Ibadah...
  - Fasilitas Kesehatan...
  - Gedung/Kantor...
  - Jembatan...
  - Jumlah Meninggal per Kabkot...
  - Jumlah Pengungsi per Kabkot...
  - Update timestamp...
Selesai! Data tersimpan di public/data/

Step 2: Building aplikasi...

> frontend@0.1.0 build
> NODE_ENV=production next build

   ▲ Next.js 16.0.7 (Turbopack)

   Creating an optimized production build ...
 ✓ Compiled successfully in 1880.5ms
   Running TypeScript ...
   Collecting page data using 7 workers ...
   Generating static pages using 7 workers (0/5) ...
   Generating static pages using 7 workers (1/5) 
   Generating static pages using 7 workers (2/5) 
   Generating static pages using 7 workers (3/5) 
 ✓ Generating static pages using 7 workers (5/5) in 500.3ms
   Finalizing page optimization ...

Route (app)
┌ ○ /
├ ○ /_not-found
└ ○ /sumatera


○  (Static)  prerendered as static content


Step 3: Menjalankan Docker production...
sudo: a terminal is required to read the password; either use the -S option to read from standard input or configure an askpass helper
sudo: a password is required

=== Scheduled Update Completed ===
Fri Jan 16 07:00:09 UTC 2026
=== Scheduled Update Started ===
Fri Jan 16 08:00:01 UTC 2026

Step 1: Mengambil data dari BNPB...
Mengambil data dari BNPB GIS Server...
  - Jumlah Terluka...
  - Jumlah Hilang...
  - Jumlah Meninggal...
  - Kabupaten Terdampak...
  - Jumlah Rumah Rusak...
  - Fasilitas Umum...
  - Fasilitas Pendidikan...
  - Rumah Ibadah...
  - Fasilitas Kesehatan...
  - Gedung/Kantor...
  - Jembatan...
  - Jumlah Meninggal per Kabkot...
  - Jumlah Pengungsi per Kabkot...
  - Update timestamp...
Selesai! Data tersimpan di public/data/

Step 2: Building aplikasi...

> frontend@0.1.0 build
> NODE_ENV=production next build

   ▲ Next.js 16.0.7 (Turbopack)

   Creating an optimized production build ...
 ✓ Compiled successfully in 1831.1ms
   Running TypeScript ...
   Collecting page data using 7 workers ...
   Generating static pages using 7 workers (0/5) ...
   Generating static pages using 7 workers (1/5) 
   Generating static pages using 7 workers (2/5) 
   Generating static pages using 7 workers (3/5) 
 ✓ Generating static pages using 7 workers (5/5) in 526.6ms
   Finalizing page optimization ...

Route (app)
┌ ○ /
├ ○ /_not-found
└ ○ /sumatera


○  (Static)  prerendered as static content


Step 3: Menjalankan Docker production...
sudo: a terminal is required to read the password; either use the -S option to read from standard input or configure an askpass helper
sudo: a password is required

=== Scheduled Update Completed ===
Fri Jan 16 08:00:10 UTC 2026
=== Scheduled Update Started ===
Fri Jan 16 09:00:01 UTC 2026

Step 1: Mengambil data dari BNPB...
Mengambil data dari BNPB GIS Server...
  - Jumlah Terluka...
  - Jumlah Hilang...
  - Jumlah Meninggal...
  - Kabupaten Terdampak...
  - Jumlah Rumah Rusak...
  - Fasilitas Umum...
  - Fasilitas Pendidikan...
  - Rumah Ibadah...
  - Fasilitas Kesehatan...
  - Gedung/Kantor...
  - Jembatan...
  - Jumlah Meninggal per Kabkot...
  - Jumlah Pengungsi per Kabkot...
  - Update timestamp...
Selesai! Data tersimpan di public/data/

Step 2: Building aplikasi...

> frontend@0.1.0 build
> NODE_ENV=production next build

   ▲ Next.js 16.0.7 (Turbopack)

   Creating an optimized production build ...
 ✓ Compiled successfully in 1851.0ms
   Running TypeScript ...
   Collecting page data using 7 workers ...
   Generating static pages using 7 workers (0/5) ...
   Generating static pages using 7 workers (1/5) 
   Generating static pages using 7 workers (2/5) 
   Generating static pages using 7 workers (3/5) 
 ✓ Generating static pages using 7 workers (5/5) in 480.7ms
   Finalizing page optimization ...

Route (app)
┌ ○ /
├ ○ /_not-found
└ ○ /sumatera


○  (Static)  prerendered as static content


Step 3: Menjalankan Docker production...
sudo: a terminal is required to read the password; either use the -S option to read from standard input or configure an askpass helper
sudo: a password is required

=== Scheduled Update Completed ===
Fri Jan 16 09:00:11 UTC 2026
=== Scheduled Update Started ===
Fri Jan 16 10:00:01 UTC 2026

Step 1: Mengambil data dari BNPB...
Mengambil data dari BNPB GIS Server...
  - Jumlah Terluka...
  - Jumlah Hilang...
  - Jumlah Meninggal...
  - Kabupaten Terdampak...
  - Jumlah Rumah Rusak...
  - Fasilitas Umum...
  - Fasilitas Pendidikan...
  - Rumah Ibadah...
  - Fasilitas Kesehatan...
  - Gedung/Kantor...
  - Jembatan...
  - Jumlah Meninggal per Kabkot...
  - Jumlah Pengungsi per Kabkot...
  - Update timestamp...
Selesai! Data tersimpan di public/data/

Step 2: Building aplikasi...

> frontend@0.1.0 build
> NODE_ENV=production next build

   ▲ Next.js 16.0.7 (Turbopack)

   Creating an optimized production build ...
 ✓ Compiled successfully in 1879.5ms
   Running TypeScript ...
   Collecting page data using 7 workers ...
   Generating static pages using 7 workers (0/5) ...
   Generating static pages using 7 workers (1/5) 
   Generating static pages using 7 workers (2/5) 
   Generating static pages using 7 workers (3/5) 
 ✓ Generating static pages using 7 workers (5/5) in 437.6ms
   Finalizing page optimization ...

Route (app)
┌ ○ /
├ ○ /_not-found
└ ○ /sumatera


○  (Static)  prerendered as static content


Step 3: Menjalankan Docker production...
sudo: a terminal is required to read the password; either use the -S option to read from standard input or configure an askpass helper
sudo: a password is required

=== Scheduled Update Completed ===
Fri Jan 16 10:00:09 UTC 2026
=== Scheduled Update Started ===
Fri Jan 16 11:00:01 UTC 2026

Step 1: Mengambil data dari BNPB...
Mengambil data dari BNPB GIS Server...
  - Jumlah Terluka...
  - Jumlah Hilang...
  - Jumlah Meninggal...
  - Kabupaten Terdampak...
  - Jumlah Rumah Rusak...
  - Fasilitas Umum...
  - Fasilitas Pendidikan...
  - Rumah Ibadah...
  - Fasilitas Kesehatan...
  - Gedung/Kantor...
  - Jembatan...
  - Jumlah Meninggal per Kabkot...
  - Jumlah Pengungsi per Kabkot...
  - Update timestamp...
Selesai! Data tersimpan di public/data/

Step 2: Building aplikasi...

> frontend@0.1.0 build
> NODE_ENV=production next build

   ▲ Next.js 16.0.7 (Turbopack)

   Creating an optimized production build ...
 ✓ Compiled successfully in 1847.1ms
   Running TypeScript ...
   Collecting page data using 7 workers ...
   Generating static pages using 7 workers (0/5) ...
   Generating static pages using 7 workers (1/5) 
   Generating static pages using 7 workers (2/5) 
   Generating static pages using 7 workers (3/5) 
 ✓ Generating static pages using 7 workers (5/5) in 491.6ms
   Finalizing page optimization ...

Route (app)
┌ ○ /
├ ○ /_not-found
└ ○ /sumatera


○  (Static)  prerendered as static content


Step 3: Menjalankan Docker production...
sudo: a terminal is required to read the password; either use the -S option to read from standard input or configure an askpass helper
sudo: a password is required

=== Scheduled Update Completed ===
Fri Jan 16 11:00:09 UTC 2026
=== Scheduled Update Started ===
Fri Jan 16 12:00:01 UTC 2026

Step 1: Mengambil data dari BNPB...
Mengambil data dari BNPB GIS Server...
  - Jumlah Terluka...
  - Jumlah Hilang...
  - Jumlah Meninggal...
  - Kabupaten Terdampak...
  - Jumlah Rumah Rusak...
  - Fasilitas Umum...
  - Fasilitas Pendidikan...
  - Rumah Ibadah...
  - Fasilitas Kesehatan...
  - Gedung/Kantor...
  - Jembatan...
  - Jumlah Meninggal per Kabkot...
  - Jumlah Pengungsi per Kabkot...
  - Update timestamp...
Selesai! Data tersimpan di public/data/

Step 2: Building aplikasi...

> frontend@0.1.0 build
> NODE_ENV=production next build

   ▲ Next.js 16.0.7 (Turbopack)

   Creating an optimized production build ...
 ✓ Compiled successfully in 1869.9ms
   Running TypeScript ...
   Collecting page data using 7 workers ...
   Generating static pages using 7 workers (0/5) ...
   Generating static pages using 7 workers (1/5) 
   Generating static pages using 7 workers (2/5) 
   Generating static pages using 7 workers (3/5) 
 ✓ Generating static pages using 7 workers (5/5) in 500.6ms
   Finalizing page optimization ...

Route (app)
┌ ○ /
├ ○ /_not-found
└ ○ /sumatera


○  (Static)  prerendered as static content


Step 3: Menjalankan Docker production...
sudo: a terminal is required to read the password; either use the -S option to read from standard input or configure an askpass helper
sudo: a password is required

=== Scheduled Update Completed ===
Fri Jan 16 12:00:11 UTC 2026
=== Scheduled Update Started ===
Fri Jan 16 13:00:01 UTC 2026

Step 1: Mengambil data dari BNPB...
Mengambil data dari BNPB GIS Server...
  - Jumlah Terluka...
  - Jumlah Hilang...
  - Jumlah Meninggal...
  - Kabupaten Terdampak...
  - Jumlah Rumah Rusak...
  - Fasilitas Umum...
  - Fasilitas Pendidikan...
  - Rumah Ibadah...
  - Fasilitas Kesehatan...
  - Gedung/Kantor...
  - Jembatan...
  - Jumlah Meninggal per Kabkot...
  - Jumlah Pengungsi per Kabkot...
  - Update timestamp...
Selesai! Data tersimpan di public/data/

Step 2: Building aplikasi...

> frontend@0.1.0 build
> NODE_ENV=production next build

   ▲ Next.js 16.0.7 (Turbopack)

   Creating an optimized production build ...
 ✓ Compiled successfully in 1946.7ms
   Running TypeScript ...
   Collecting page data using 7 workers ...
   Generating static pages using 7 workers (0/5) ...
   Generating static pages using 7 workers (1/5) 
   Generating static pages using 7 workers (2/5) 
   Generating static pages using 7 workers (3/5) 
 ✓ Generating static pages using 7 workers (5/5) in 498.8ms
   Finalizing page optimization ...

Route (app)
┌ ○ /
├ ○ /_not-found
└ ○ /sumatera


○  (Static)  prerendered as static content


Step 3: Menjalankan Docker production...
sudo: a terminal is required to read the password; either use the -S option to read from standard input or configure an askpass helper
sudo: a password is required

=== Scheduled Update Completed ===
Fri Jan 16 13:00:10 UTC 2026
=== Scheduled Update Started ===
Fri Jan 16 14:00:01 UTC 2026

Step 1: Mengambil data dari BNPB...
Mengambil data dari BNPB GIS Server...
  - Jumlah Terluka...
  - Jumlah Hilang...
  - Jumlah Meninggal...
  - Kabupaten Terdampak...
  - Jumlah Rumah Rusak...
  - Fasilitas Umum...
  - Fasilitas Pendidikan...
  - Rumah Ibadah...
  - Fasilitas Kesehatan...
  - Gedung/Kantor...
  - Jembatan...
  - Jumlah Meninggal per Kabkot...
  - Jumlah Pengungsi per Kabkot...
  - Update timestamp...
Selesai! Data tersimpan di public/data/

Step 2: Building aplikasi...

> frontend@0.1.0 build
> NODE_ENV=production next build

   ▲ Next.js 16.0.7 (Turbopack)

   Creating an optimized production build ...
 ✓ Compiled successfully in 1943.1ms
   Running TypeScript ...
   Collecting page data using 7 workers ...
   Generating static pages using 7 workers (0/5) ...
   Generating static pages using 7 workers (1/5) 
   Generating static pages using 7 workers (2/5) 
   Generating static pages using 7 workers (3/5) 
 ✓ Generating static pages using 7 workers (5/5) in 461.3ms
   Finalizing page optimization ...

Route (app)
┌ ○ /
├ ○ /_not-found
└ ○ /sumatera


○  (Static)  prerendered as static content


Step 3: Menjalankan Docker production...
sudo: a terminal is required to read the password; either use the -S option to read from standard input or configure an askpass helper
sudo: a password is required

=== Scheduled Update Completed ===
Fri Jan 16 14:00:09 UTC 2026
=== Scheduled Update Started ===
Fri Jan 16 15:00:01 UTC 2026

Step 1: Mengambil data dari BNPB...
Mengambil data dari BNPB GIS Server...
  - Jumlah Terluka...
  - Jumlah Hilang...
  - Jumlah Meninggal...
  - Kabupaten Terdampak...
  - Jumlah Rumah Rusak...
  - Fasilitas Umum...
  - Fasilitas Pendidikan...
  - Rumah Ibadah...
  - Fasilitas Kesehatan...
  - Gedung/Kantor...
  - Jembatan...
  - Jumlah Meninggal per Kabkot...
  - Jumlah Pengungsi per Kabkot...
  - Update timestamp...
Selesai! Data tersimpan di public/data/

Step 2: Building aplikasi...

> frontend@0.1.0 build
> NODE_ENV=production next build

   ▲ Next.js 16.0.7 (Turbopack)

   Creating an optimized production build ...
 ✓ Compiled successfully in 1874.3ms
   Running TypeScript ...
   Collecting page data using 7 workers ...
   Generating static pages using 7 workers (0/5) ...
   Generating static pages using 7 workers (1/5) 
   Generating static pages using 7 workers (2/5) 
   Generating static pages using 7 workers (3/5) 
 ✓ Generating static pages using 7 workers (5/5) in 469.3ms
   Finalizing page optimization ...

Route (app)
┌ ○ /
├ ○ /_not-found
└ ○ /sumatera


○  (Static)  prerendered as static content


Step 3: Menjalankan Docker production...
sudo: a terminal is required to read the password; either use the -S option to read from standard input or configure an askpass helper
sudo: a password is required

=== Scheduled Update Completed ===
Fri Jan 16 15:00:09 UTC 2026
=== Scheduled Update Started ===
Fri Jan 16 16:00:01 UTC 2026

Step 1: Mengambil data dari BNPB...
Mengambil data dari BNPB GIS Server...
  - Jumlah Terluka...
  - Jumlah Hilang...
  - Jumlah Meninggal...
  - Kabupaten Terdampak...
  - Jumlah Rumah Rusak...
  - Fasilitas Umum...
  - Fasilitas Pendidikan...
  - Rumah Ibadah...
  - Fasilitas Kesehatan...
  - Gedung/Kantor...
  - Jembatan...
  - Jumlah Meninggal per Kabkot...
  - Jumlah Pengungsi per Kabkot...
  - Update timestamp...
Selesai! Data tersimpan di public/data/

Step 2: Building aplikasi...

> frontend@0.1.0 build
> NODE_ENV=production next build

   ▲ Next.js 16.0.7 (Turbopack)

   Creating an optimized production build ...
 ✓ Compiled successfully in 1902.9ms
   Running TypeScript ...
   Collecting page data using 7 workers ...
   Generating static pages using 7 workers (0/5) ...
   Generating static pages using 7 workers (1/5) 
   Generating static pages using 7 workers (2/5) 
   Generating static pages using 7 workers (3/5) 
 ✓ Generating static pages using 7 workers (5/5) in 499.2ms
   Finalizing page optimization ...

Route (app)
┌ ○ /
├ ○ /_not-found
└ ○ /sumatera


○  (Static)  prerendered as static content


Step 3: Menjalankan Docker production...
sudo: a terminal is required to read the password; either use the -S option to read from standard input or configure an askpass helper
sudo: a password is required

=== Scheduled Update Completed ===
Fri Jan 16 16:00:10 UTC 2026
